1                                                          The SAS System                             19:01 Tuesday, August 30, 2022

NOTE: Copyright (c) 2002-2012 by SAS Institute Inc., Cary, NC, USA. 
NOTE: SAS (r) Proprietary Software 9.4 (TS1M3) 
      Licensed to BBVA BANCOMER SA, Site 70176951.
NOTE: This session is executing on the Linux 2.6.32-754.12.1.el6.x86_64 (LIN X64) platform.



NOTE: Updated analytical products:
      
      SAS/STAT 14.1
      SAS/ETS 14.1
      SAS/OR 14.1
      SAS/IML 14.1
      SAS/QC 14.1

NOTE: Additional host information:

 Linux LIN X64 2.6.32-754.12.1.el6.x86_64 #1 SMP Thu Mar 7 22:07:44 EST 2019 x86_64 Red Hat Enterprise Linux Server release 6.10 
      (Santiago) 

You are running SAS 9. Some SAS 8 files will be automatically converted 
by the V9 engine; others are incompatible.  Please see 
http://support.sas.com/rnd/migration/planning/platform/64bit.html

PROC MIGRATE will preserve current SAS file attributes and is 
recommended for converting all your SAS libraries from any 
SAS 8 release to SAS 9.  For details and examples, please see
http://support.sas.com/rnd/migration/index.html


This message is contained in the SAS news file, and is presented upon
initialization.  Edit the file "news" in the "misc/base" directory to
display site-specific news and information in the program log.
The command line option "-nonews" will prevent this display.




NOTE: SAS initialization used:
      real time           0.31 seconds
      cpu time            0.05 seconds
      
1          %let ruta_codigos=/SREPGRM/Liquidez/Mensual_Sem/Codigos/;
2          options mprint;
3          %include "&ruta_codigos.P0_Autoexec.sas";
NOTE: Libref INPUT was successfully assigned as follows: 
      Engine:        V9 
      Physical Name: /SREPGRM/Liquidez/Input
NOTE: Libref OUTPUT was successfully assigned as follows: 
      Engine:        V9 
      Physical Name: /SREPGRM/Liquidez/Mensual_Sem/Output
NOTE: Libref SETTING was successfully assigned as follows: 
      Engine:        V9 
      Physical Name: /SREPGRM/Liquidez/Mensual_Sem/Setting
ARC_HOY="/SREPGRM/Liquidez/Mensual_Sem/Setting/arc_act_MEXICO_RL.xlsx"
ARC_ANT="/SREPGRM/Liquidez/Mensual_Sem/Setting/mes_sem_ant_MEXICO_RL.xlsx"

NOTE: The import data set has 8630 observations and 19 variables.
2                                                          The SAS System                             19:01 Tuesday, August 30, 2022

NOTE: WORK.FEC_HOY data set was successfully created.
NOTE: PROCEDURE IMPORT used (Total process time):
      real time           0.62 seconds
      cpu time            0.42 seconds
      


NOTE: The import data set has 8630 observations and 19 variables.
NOTE: WORK.FEC_AYER data set was successfully created.
NOTE: PROCEDURE IMPORT used (Total process time):
      real time           0.52 seconds
      cpu time            0.36 seconds
      

NOTE: Table WORK.FEC_HOY2 created, with 1 rows and 1 columns.

NOTE: PROCEDURE SQL used (Total process time):
      real time           0.01 seconds
      cpu time            0.00 seconds
      


NOTE: There were 1 observations read from the data set WORK.FEC_HOY2.
NOTE: The data set WORK.FEC_HOY2 has 1 observations and 1 variables.
NOTE: DATA statement used (Total process time):
      real time           0.01 seconds
      cpu time            0.02 seconds
      


NOTE: Numeric values have been converted to character values at the places given by: (Line):(Column).
      65:37   
NOTE: There were 1 observations read from the data set WORK.FEC_HOY2.
NOTE: The data set WORK.FEC_HOY2 has 1 observations and 1 variables.
NOTE: DATA statement used (Total process time):
      real time           0.01 seconds
      cpu time            0.00 seconds
      

NOTE: The PROCEDURE SQL printed page 1.
NOTE: PROCEDURE SQL used (Total process time):
      real time           0.20 seconds
      cpu time            0.06 seconds
      

NOTE: The PROCEDURE SQL printed page 2.
NOTE: PROCEDURE SQL used (Total process time):
      real time           0.00 seconds
      cpu time            0.00 seconds
      

COHORTE=2022-06-30
COHORTE2=20220630
FEC_ACT=   22826
FEC_ANT=   22796
NOTE: Format YMDHMS has been output.

NOTE: PROCEDURE FORMAT used (Total process time):
3                                                          The SAS System                             19:01 Tuesday, August 30, 2022

      real time           0.01 seconds
      cpu time            0.00 seconds
      

94         %include "&ruta_codigos.P1_CargaTablas.sas";

NOTE: The import data set has 1 observations and 3 variables.
NOTE: WORK.CONFEMAI data set was successfully created.
NOTE: PROCEDURE IMPORT used (Total process time):
      real time           0.06 seconds
      cpu time            0.00 seconds
      


NOTE: The import data set has 35 observations and 36 variables.
NOTE: WORK.TMP_METRICA data set was successfully created.
NOTE: PROCEDURE IMPORT used (Total process time):
      real time           0.01 seconds
      cpu time            0.02 seconds
      


NOTE: There were 35 observations read from the data set WORK.TMP_METRICA.
NOTE: The data set WORK.TMP_METRICA has 13 observations and 36 variables.
NOTE: DATA statement used (Total process time):
      real time           0.00 seconds
      cpu time            0.00 seconds
      


NOTE: There were 13 observations read from the data set WORK.TMP_METRICA.
NOTE: The data set WORK.TMP_METRICA2 has 13 observations and 38 variables.
NOTE: DATA statement used (Total process time):
      real time           0.00 seconds
      cpu time            0.00 seconds
      

NOTE: Table WORK.TMP_METRICA created, with 13 rows and 36 columns.

NOTE: PROCEDURE SQL used (Total process time):
      real time           0.00 seconds
      cpu time            0.01 seconds
      

NOTE: Table SETTING.METRICA created, with 0 rows and 27 columns.
NOTE: PROCEDURE SQL used (Total process time):
      real time           0.00 seconds
      cpu time            0.00 seconds
      

NOTE: 13 rows were inserted into SETTING.METRICA.

NOTE: PROCEDURE SQL used (Total process time):
      real time           0.05 seconds
      cpu time            0.01 seconds
      


4                                                          The SAS System                             19:01 Tuesday, August 30, 2022

NOTE: There were 13 observations read from the data set SETTING.METRICA.
NOTE: The data set SETTING.METRICA has 13 observations and 27 variables.
NOTE: DATA statement used (Total process time):
      real time           0.05 seconds
      cpu time            0.00 seconds
      


NOTE: The import data set has 8630 observations and 19 variables.
NOTE: WORK.SEF data set was successfully created.
NOTE: PROCEDURE IMPORT used (Total process time):
      real time           0.38 seconds
      cpu time            0.33 seconds
      

NOTE: Table WORK.SEF2 created, with 190 rows and 3 columns.

NOTE: PROCEDURE SQL used (Total process time):
      real time           0.00 seconds
      cpu time            0.00 seconds
      

NOTE: Table WORK.SEF3 created, with 20 rows and 4 columns.

NOTE: PROCEDURE SQL used (Total process time):
      real time           0.00 seconds
      cpu time            0.01 seconds
      

NOTE: Table WORK.SEF4 created, with 10 rows and 3 columns.

NOTE: PROCEDURE SQL used (Total process time):
      real time           0.00 seconds
      cpu time            0.00 seconds
      

NOTE: Table WORK.SEF5 created, with 10 rows and 3 columns.

NOTE: PROCEDURE SQL used (Total process time):
      real time           0.00 seconds
      cpu time            0.00 seconds
      

NOTE: Table WORK.SEF6 created, with 10 rows and 3 columns.

NOTE: PROCEDURE SQL used (Total process time):
      real time           0.00 seconds
      cpu time            0.00 seconds
      

NOTE: Table WORK.SEF7 created, with 10 rows and 4 columns.

NOTE: PROCEDURE SQL used (Total process time):
      real time           0.00 seconds
      cpu time            0.01 seconds
      


5                                                          The SAS System                             19:01 Tuesday, August 30, 2022

NOTE: Numeric values have been converted to character values at the places given by: (Line):(Column).
      283:25   
NOTE: There were 10 observations read from the data set WORK.SEF7.
NOTE: The data set WORK.SEF8 has 10 observations and 4 variables.
NOTE: DATA statement used (Total process time):
      real time           0.00 seconds
      cpu time            0.01 seconds
      

NOTE: Table WORK.SEF9 created, with 10 rows and 4 columns.

NOTE: PROCEDURE SQL used (Total process time):
      real time           0.00 seconds
      cpu time            0.00 seconds
      


NOTE: Numeric values have been converted to character values at the places given by: (Line):(Column).
      297:27   
NOTE: There were 10 observations read from the data set WORK.SEF9.
NOTE: The data set WORK.SEF10 has 10 observations and 4 variables.
NOTE: DATA statement used (Total process time):
      real time           0.00 seconds
      cpu time            0.00 seconds
      

NOTE: Table WORK.SEF11 created, with 10 rows and 4 columns.

NOTE: PROCEDURE SQL used (Total process time):
      real time           0.00 seconds
      cpu time            0.00 seconds
      


NOTE: There were 10 observations read from the data set WORK.SEF11.
NOTE: The data set WORK.MET_SEF2 has 0 observations and 4 variables.
NOTE: The data set WORK.MET_SEF3 has 1 observations and 4 variables.
NOTE: DATA statement used (Total process time):
      real time           0.00 seconds
      cpu time            0.01 seconds
      

NOTE: The execution of this query involves performing one or more Cartesian product joins that can not be optimized.
NOTE: Table WORK.MET_SEF4 created, with 0 rows and 6 columns.

NOTE: PROCEDURE SQL used (Total process time):
      real time           0.00 seconds
      cpu time            0.00 seconds
      

NOTE: Table WORK.MET_SEF5 created, with 0 rows and 4 columns.

NOTE: PROCEDURE SQL used (Total process time):
      real time           0.00 seconds
      cpu time            0.00 seconds
      


6                                                          The SAS System                             19:01 Tuesday, August 30, 2022

NOTE: There were 10 observations read from the data set WORK.SEF11.
NOTE: The data set WORK.MET_SEF6 has 10 observations and 4 variables.
NOTE: DATA statement used (Total process time):
      real time           0.00 seconds
      cpu time            0.00 seconds
      


NOTE: There were 0 observations read from the data set WORK.MET_SEF5.
NOTE: There were 10 observations read from the data set WORK.MET_SEF6.
NOTE: The data set WORK.MET_SEF7 has 10 observations and 4 variables.
NOTE: DATA statement used (Total process time):
      real time           0.00 seconds
      cpu time            0.00 seconds
      

NOTE: Table WORK.MET_SEF8 created, with 10 rows and 40 columns.

NOTE: PROCEDURE SQL used (Total process time):
      real time           0.00 seconds
      cpu time            0.01 seconds
      

NOTE: The PROCEDURE SQL printed page 3.
NOTE: PROCEDURE SQL used (Total process time):
      real time           0.00 seconds
      cpu time            0.00 seconds
      

NOTE: Table WORK.SEF_LIM created, with 11 rows and 3 columns.

NOTE: PROCEDURE SQL used (Total process time):
      real time           0.00 seconds
      cpu time            0.01 seconds
      

NOTE: Table WORK.SEF_LIM2 created, with 3 rows and 4 columns.

NOTE: PROCEDURE SQL used (Total process time):
      real time           0.00 seconds
      cpu time            0.00 seconds
      


NOTE: Numeric values have been converted to character values at the places given by: (Line):(Column).
      375:25   
NOTE: There were 3 observations read from the data set WORK.SEF_LIM2.
NOTE: The data set WORK.SEF_LIM3 has 3 observations and 4 variables.
NOTE: DATA statement used (Total process time):
      real time           0.00 seconds
      cpu time            0.00 seconds
      


NOTE: The import data set has 8630 observations and 19 variables.
NOTE: WORK.SEF_ANT data set was successfully created.
NOTE: PROCEDURE IMPORT used (Total process time):
      real time           0.37 seconds
7                                                          The SAS System                             19:01 Tuesday, August 30, 2022

      cpu time            0.35 seconds
      

NOTE: The PROCEDURE SQL printed page 4.
NOTE: PROCEDURE SQL used (Total process time):
      real time           0.00 seconds
      cpu time            0.01 seconds
      

NOTE: Table WORK.SEF_ANT_LIM created, with 12 rows and 3 columns.

NOTE: PROCEDURE SQL used (Total process time):
      real time           0.00 seconds
      cpu time            0.00 seconds
      

NOTE: Table WORK.SEF_ANT_LIM2 created, with 3 rows and 4 columns.

NOTE: PROCEDURE SQL used (Total process time):
      real time           0.00 seconds
      cpu time            0.00 seconds
      


NOTE: Numeric values have been converted to character values at the places given by: (Line):(Column).
      419:27   
NOTE: There were 3 observations read from the data set WORK.SEF_ANT_LIM2.
NOTE: The data set WORK.SEF_ANT_LIM3 has 3 observations and 4 variables.
NOTE: DATA statement used (Total process time):
      real time           0.00 seconds
      cpu time            0.01 seconds
      

NOTE: Table WORK.SEF_ANT_LIM4 created, with 3 rows and 4 columns.

NOTE: PROCEDURE SQL used (Total process time):
      real time           0.00 seconds
      cpu time            0.00 seconds
      

NOTE: Table WORK.MET_SEF9 created, with 3 rows and 40 columns.

NOTE: PROCEDURE SQL used (Total process time):
      real time           0.00 seconds
      cpu time            0.01 seconds
      


NOTE: There were 10 observations read from the data set WORK.MET_SEF8.
NOTE: There were 3 observations read from the data set WORK.MET_SEF9.
NOTE: The data set WORK.MET_MEXICO_RL has 13 observations and 40 variables.
NOTE: DATA statement used (Total process time):
      real time           0.00 seconds
      cpu time            0.00 seconds
      


NOTE: There were 13 observations read from the data set WORK.MET_MEXICO_RL.
8                                                          The SAS System                             19:01 Tuesday, August 30, 2022

NOTE: The data set WORK.MET_MEXICO_RL has 13 observations and 40 variables.
NOTE: PROCEDURE SORT used (Total process time):
      real time           0.00 seconds
      cpu time            0.00 seconds
      

NOTE: Table WORK.LAYOUT_CONTROLES created, with 13 rows and 17 columns.

NOTE: PROCEDURE SQL used (Total process time):
      real time           0.01 seconds
      cpu time            0.01 seconds
      

NOTE: Table SETTING.LAYOUT_CONTROLES created, with 13 rows and 20 columns.

NOTE: PROCEDURE SQL used (Total process time):
      real time           0.01 seconds
      cpu time            0.00 seconds
      


NOTE: There were 13 observations read from the data set SETTING.METRICA.
NOTE: The data set SETTING.METRICA has 13 observations and 27 variables.
NOTE: PROCEDURE SORT used (Total process time):
      real time           0.09 seconds
      cpu time            0.01 seconds
      

NOTE: Table WORK.ACUM_RESULTADOS created, with 0 rows and 10 columns.
NOTE: PROCEDURE SQL used (Total process time):
      real time           0.00 seconds
      cpu time            0.00 seconds
      

NOTE: Table WORK.TMP_DQLEGACY created, with 0 rows and 28 columns.
NOTE: PROCEDURE SQL used (Total process time):
      real time           0.00 seconds
      cpu time            0.00 seconds
      

NOTE: Table OUTPUT.DQLEGACY created, with 0 rows and 21 columns.
NOTE: PROCEDURE SQL used (Total process time):
      real time           0.00 seconds
      cpu time            0.00 seconds
      

568        %include "&ruta_codigos.P2_MacrosGenerales.sas";
590        %include "&ruta_codigos.P3_ReglasMetricas.sas";
MPRINT(CONTROL_6):   PROC SQL;
MPRINT(CONTROL_6):   CREATE TABLE CONTROL_1 AS SELECT *, MONOTONIC() AS ID FROM MET_MEXICO_RL WHERE METRICA1 IS NOT NULL AND 
CONTROL_ID EQ 6 AND VALIDAR = 'SI';
NOTE: Table WORK.CONTROL_1 created, with 13 rows and 41 columns.

MPRINT(CONTROL_6):   QUIT;
NOTE: PROCEDURE SQL used (Total process time):
      real time           0.01 seconds
      cpu time            0.00 seconds
      
9                                                          The SAS System                             19:01 Tuesday, August 30, 2022


MPRINT(CONTROL_6):   PROC SQL;
MPRINT(CONTROL_6):   SELECT MAX(ID) AS MAXIMO INTO :MAXIMO FROM CONTROL_1;
MPRINT(CONTROL_6):   QUIT;
NOTE: The PROCEDURE SQL printed page 5.
NOTE: PROCEDURE SQL used (Total process time):
      real time           0.00 seconds
      cpu time            0.00 seconds
      

MPRINT(CONTROL_6):   PROC SQL;
MPRINT(CONTROL_6):   CREATE TABLE ANALISIS AS SELECT * FROM CONTROL_1 WHERE ID = 1;
NOTE: Table WORK.ANALISIS created, with 1 rows and 41 columns.

MPRINT(CONTROL_6):   QUIT;
NOTE: PROCEDURE SQL used (Total process time):
      real time           0.00 seconds
      cpu time            0.02 seconds
      

MPRINT(CONTROL_6):   PROC SQL;
MPRINT(CONTROL_6):   SELECT gf_legacy_qr_sequential_id,Variacion,Variacion,Umbral_Min,Umbral_Max INTO 
:ID,:VAR1,:VAR2,:UMBRALMIN,:UMBRALMAX FROM ANALISIS;
MPRINT(CONTROL_6):   QUIT;
NOTE: The PROCEDURE SQL printed page 6.
NOTE: PROCEDURE SQL used (Total process time):
      real time           0.00 seconds
      cpu time            0.00 seconds
      

MPRINT(SUMMARYTABLE):   PROC SQL;
MPRINT(SUMMARYTABLE):   CREATE TABLE TAB03 AS SELECT INTNX('DAY',(INPUT("2022-06-30", YYMMDD10.)),0,'E') AS GF_CUTOFF_DATE 
FORMAT=YYMMDD10., DATETIME() AS GF_QUALITY_RULE_EXECUTION_DATE FORMAT=YMDHMS., "1701900101" AS GF_LEGACY_QR_SEQUENTIAL_ID LENGTH=10 
FORMAT=$CHAR10., GF_QUALITY_RULE_DRILLDOWN_DESC FORMAT=$3., GF_QUALITY_RULE_COMPLIANCE_PER FORMAT=5.2, 1 AS 
GF_QR_CPLC_NUMERATOR_NUMBER FORMAT=BEST11., 1 AS GF_QR_CPLC_DENOMINATOR_NUMBER FORMAT=BEST11., GF_QR_BALANCE_COMPLIANCE_PER 
FORMAT=5.2, 0.01879 AS GF_QR_NUMERATOR_AMOUNT FORMAT=26.6, 0.01879 AS GF_QR_DENOMINATOR_AMOUNT FORMAT=26.6 FROM ANALISIS;
NOTE: Table WORK.TAB03 created, with 1 rows and 10 columns.

MPRINT(SUMMARYTABLE):   QUIT;
NOTE: PROCEDURE SQL used (Total process time):
      real time           0.00 seconds
      cpu time            0.00 seconds
      

MPRINT(CONTROL_6):  ;
MPRINT(RESUMEN6):   PROC SQL;
MPRINT(RESUMEN6):   CREATE TABLE TAB04 AS SELECT GF_CUTOFF_DATE, GF_QUALITY_RULE_EXECUTION_DATE, GF_LEGACY_QR_SEQUENTIAL_ID, 
GF_QUALITY_RULE_DRILLDOWN_DESC, 1 AS GF_QR_CPLC_DENOMINATOR_NUMBER, CASE WHEN GF_QR_NUMERATOR_AMOUNT EQ 0 AND 
GF_QR_DENOMINATOR_AMOUNT EQ 0 THEN 0 WHEN (GF_QR_NUMERATOR_AMOUNT) > 0.08 OR (GF_QR_NUMERATOR_AMOUNT) < -0.08 THEN 0 ELSE 
GF_QR_CPLC_NUMERATOR_NUMBER END AS GF_QR_CPLC_NUMERATOR_NUMBER, . AS GF_QR_DENOMINATOR_AMOUNT, . AS GF_QR_NUMERATOR_AMOUNT, CASE 
WHEN GF_QR_NUMERATOR_AMOUNT EQ 0 AND GF_QR_DENOMINATOR_AMOUNT EQ 0 THEN 0 WHEN (GF_QR_NUMERATOR_AMOUNT) > 0.08 OR 
(GF_QR_NUMERATOR_AMOUNT) < -0.08 THEN 0 ELSE 100 END AS GF_QUALITY_RULE_COMPLIANCE_PER FORMAT=5.2, . AS 
GF_QR_BALANCE_COMPLIANCE_PER FORMAT=5.2 FROM TAB03;
NOTE: Table WORK.TAB04 created, with 1 rows and 10 columns.

MPRINT(RESUMEN6):   QUIT;
NOTE: PROCEDURE SQL used (Total process time):
      real time           0.00 seconds
10                                                         The SAS System                             19:01 Tuesday, August 30, 2022

      cpu time            0.00 seconds
      

MPRINT(CONTROL_6):  ;
MPRINT(PEGAR_RES):   PROC APPEND BASE=ACUM_RESULTADOS DATA=TAB04 FORCE;
MPRINT(PEGAR_RES):   RUN;

NOTE: Appending WORK.TAB04 to WORK.ACUM_RESULTADOS.
NOTE: There were 1 observations read from the data set WORK.TAB04.
NOTE: 1 observations added.
NOTE: The data set WORK.ACUM_RESULTADOS has 1 observations and 10 variables.
NOTE: PROCEDURE APPEND used (Total process time):
      real time           0.00 seconds
      cpu time            0.00 seconds
      

MPRINT(CONTROL_6):  ;
MPRINT(CONTROL_6):   PROC SQL;
MPRINT(CONTROL_6):   CREATE TABLE ANALISIS AS SELECT * FROM CONTROL_1 WHERE ID = 2;
NOTE: Table WORK.ANALISIS created, with 1 rows and 41 columns.

MPRINT(CONTROL_6):   QUIT;
NOTE: PROCEDURE SQL used (Total process time):
      real time           0.00 seconds
      cpu time            0.00 seconds
      

MPRINT(CONTROL_6):   PROC SQL;
MPRINT(CONTROL_6):   SELECT gf_legacy_qr_sequential_id,Variacion,Variacion,Umbral_Min,Umbral_Max INTO 
:ID,:VAR1,:VAR2,:UMBRALMIN,:UMBRALMAX FROM ANALISIS;
MPRINT(CONTROL_6):   QUIT;
NOTE: The PROCEDURE SQL printed page 7.
NOTE: PROCEDURE SQL used (Total process time):
      real time           0.00 seconds
      cpu time            0.00 seconds
      

MPRINT(SUMMARYTABLE):   PROC SQL;
MPRINT(SUMMARYTABLE):   CREATE TABLE TAB03 AS SELECT INTNX('DAY',(INPUT("2022-06-30", YYMMDD10.)),0,'E') AS GF_CUTOFF_DATE 
FORMAT=YYMMDD10., DATETIME() AS GF_QUALITY_RULE_EXECUTION_DATE FORMAT=YMDHMS., "1704300101" AS GF_LEGACY_QR_SEQUENTIAL_ID LENGTH=10 
FORMAT=$CHAR10., GF_QUALITY_RULE_DRILLDOWN_DESC FORMAT=$3., GF_QUALITY_RULE_COMPLIANCE_PER FORMAT=5.2, 1 AS 
GF_QR_CPLC_NUMERATOR_NUMBER FORMAT=BEST11., 1 AS GF_QR_CPLC_DENOMINATOR_NUMBER FORMAT=BEST11., GF_QR_BALANCE_COMPLIANCE_PER 
FORMAT=5.2, 0.043856 AS GF_QR_NUMERATOR_AMOUNT FORMAT=26.6, 0.043856 AS GF_QR_DENOMINATOR_AMOUNT FORMAT=26.6 FROM ANALISIS;
NOTE: Table WORK.TAB03 created, with 1 rows and 10 columns.

MPRINT(SUMMARYTABLE):   QUIT;
NOTE: PROCEDURE SQL used (Total process time):
      real time           0.00 seconds
      cpu time            0.00 seconds
      

MPRINT(CONTROL_6):  ;
MPRINT(RESUMEN6):   PROC SQL;
MPRINT(RESUMEN6):   CREATE TABLE TAB04 AS SELECT GF_CUTOFF_DATE, GF_QUALITY_RULE_EXECUTION_DATE, GF_LEGACY_QR_SEQUENTIAL_ID, 
GF_QUALITY_RULE_DRILLDOWN_DESC, 1 AS GF_QR_CPLC_DENOMINATOR_NUMBER, CASE WHEN GF_QR_NUMERATOR_AMOUNT EQ 0 AND 
GF_QR_DENOMINATOR_AMOUNT EQ 0 THEN 0 WHEN (GF_QR_NUMERATOR_AMOUNT) > 0.1 OR (GF_QR_NUMERATOR_AMOUNT) < -0.1 THEN 0 ELSE 
GF_QR_CPLC_NUMERATOR_NUMBER END AS GF_QR_CPLC_NUMERATOR_NUMBER, . AS GF_QR_DENOMINATOR_AMOUNT, . AS GF_QR_NUMERATOR_AMOUNT, CASE 
WHEN GF_QR_NUMERATOR_AMOUNT EQ 0 AND GF_QR_DENOMINATOR_AMOUNT EQ 0 THEN 0 WHEN (GF_QR_NUMERATOR_AMOUNT) > 0.1 OR 
11                                                         The SAS System                             19:01 Tuesday, August 30, 2022

(GF_QR_NUMERATOR_AMOUNT) < -0.1 THEN 0 ELSE 100 END AS GF_QUALITY_RULE_COMPLIANCE_PER FORMAT=5.2, . AS GF_QR_BALANCE_COMPLIANCE_PER 
FORMAT=5.2 FROM TAB03;
NOTE: Table WORK.TAB04 created, with 1 rows and 10 columns.

MPRINT(RESUMEN6):   QUIT;
NOTE: PROCEDURE SQL used (Total process time):
      real time           0.00 seconds
      cpu time            0.01 seconds
      

MPRINT(CONTROL_6):  ;
MPRINT(PEGAR_RES):   PROC APPEND BASE=ACUM_RESULTADOS DATA=TAB04 FORCE;
MPRINT(PEGAR_RES):   RUN;

NOTE: Appending WORK.TAB04 to WORK.ACUM_RESULTADOS.
NOTE: There were 1 observations read from the data set WORK.TAB04.
NOTE: 1 observations added.
NOTE: The data set WORK.ACUM_RESULTADOS has 2 observations and 10 variables.
NOTE: PROCEDURE APPEND used (Total process time):
      real time           0.00 seconds
      cpu time            0.00 seconds
      

MPRINT(CONTROL_6):  ;
MPRINT(CONTROL_6):   PROC SQL;
MPRINT(CONTROL_6):   CREATE TABLE ANALISIS AS SELECT * FROM CONTROL_1 WHERE ID = 3;
NOTE: Table WORK.ANALISIS created, with 1 rows and 41 columns.

MPRINT(CONTROL_6):   QUIT;
NOTE: PROCEDURE SQL used (Total process time):
      real time           0.00 seconds
      cpu time            0.00 seconds
      

MPRINT(CONTROL_6):   PROC SQL;
MPRINT(CONTROL_6):   SELECT gf_legacy_qr_sequential_id,Variacion,Variacion,Umbral_Min,Umbral_Max INTO 
:ID,:VAR1,:VAR2,:UMBRALMIN,:UMBRALMAX FROM ANALISIS;
MPRINT(CONTROL_6):   QUIT;
NOTE: The PROCEDURE SQL printed page 8.
NOTE: PROCEDURE SQL used (Total process time):
      real time           0.00 seconds
      cpu time            0.01 seconds
      

MPRINT(SUMMARYTABLE):   PROC SQL;
MPRINT(SUMMARYTABLE):   CREATE TABLE TAB03 AS SELECT INTNX('DAY',(INPUT("2022-06-30", YYMMDD10.)),0,'E') AS GF_CUTOFF_DATE 
FORMAT=YYMMDD10., DATETIME() AS GF_QUALITY_RULE_EXECUTION_DATE FORMAT=YMDHMS., "1700900101" AS GF_LEGACY_QR_SEQUENTIAL_ID LENGTH=10 
FORMAT=$CHAR10., GF_QUALITY_RULE_DRILLDOWN_DESC FORMAT=$3., GF_QUALITY_RULE_COMPLIANCE_PER FORMAT=5.2, 1 AS 
GF_QR_CPLC_NUMERATOR_NUMBER FORMAT=BEST11., 1 AS GF_QR_CPLC_DENOMINATOR_NUMBER FORMAT=BEST11., GF_QR_BALANCE_COMPLIANCE_PER 
FORMAT=5.2, 26720.99 AS GF_QR_NUMERATOR_AMOUNT FORMAT=26.6, 26720.99 AS GF_QR_DENOMINATOR_AMOUNT FORMAT=26.6 FROM ANALISIS;
NOTE: Table WORK.TAB03 created, with 1 rows and 10 columns.

MPRINT(SUMMARYTABLE):   QUIT;
NOTE: PROCEDURE SQL used (Total process time):
      real time           0.00 seconds
      cpu time            0.00 seconds
      

12                                                         The SAS System                             19:01 Tuesday, August 30, 2022

MPRINT(CONTROL_6):  ;
MPRINT(RESUMEN6):   PROC SQL;
MPRINT(RESUMEN6):   CREATE TABLE TAB04 AS SELECT GF_CUTOFF_DATE, GF_QUALITY_RULE_EXECUTION_DATE, GF_LEGACY_QR_SEQUENTIAL_ID, 
GF_QUALITY_RULE_DRILLDOWN_DESC, 1 AS GF_QR_CPLC_DENOMINATOR_NUMBER, CASE WHEN GF_QR_NUMERATOR_AMOUNT EQ 0 AND 
GF_QR_DENOMINATOR_AMOUNT EQ 0 THEN 0 WHEN (GF_QR_NUMERATOR_AMOUNT) > 75000 OR (GF_QR_NUMERATOR_AMOUNT) < -75000 THEN 0 ELSE 
GF_QR_CPLC_NUMERATOR_NUMBER END AS GF_QR_CPLC_NUMERATOR_NUMBER, . AS GF_QR_DENOMINATOR_AMOUNT, . AS GF_QR_NUMERATOR_AMOUNT, CASE 
WHEN GF_QR_NUMERATOR_AMOUNT EQ 0 AND GF_QR_DENOMINATOR_AMOUNT EQ 0 THEN 0 WHEN (GF_QR_NUMERATOR_AMOUNT) > 75000 OR 
(GF_QR_NUMERATOR_AMOUNT) < -75000 THEN 0 ELSE 100 END AS GF_QUALITY_RULE_COMPLIANCE_PER FORMAT=5.2, . AS 
GF_QR_BALANCE_COMPLIANCE_PER FORMAT=5.2 FROM TAB03;
NOTE: Table WORK.TAB04 created, with 1 rows and 10 columns.

MPRINT(RESUMEN6):   QUIT;
NOTE: PROCEDURE SQL used (Total process time):
      real time           0.00 seconds
      cpu time            0.00 seconds
      

MPRINT(CONTROL_6):  ;
MPRINT(PEGAR_RES):   PROC APPEND BASE=ACUM_RESULTADOS DATA=TAB04 FORCE;
MPRINT(PEGAR_RES):   RUN;

NOTE: Appending WORK.TAB04 to WORK.ACUM_RESULTADOS.
NOTE: There were 1 observations read from the data set WORK.TAB04.
NOTE: 1 observations added.
NOTE: The data set WORK.ACUM_RESULTADOS has 3 observations and 10 variables.
NOTE: PROCEDURE APPEND used (Total process time):
      real time           0.00 seconds
      cpu time            0.00 seconds
      

MPRINT(CONTROL_6):  ;
MPRINT(CONTROL_6):   PROC SQL;
MPRINT(CONTROL_6):   CREATE TABLE ANALISIS AS SELECT * FROM CONTROL_1 WHERE ID = 4;
NOTE: Table WORK.ANALISIS created, with 1 rows and 41 columns.

MPRINT(CONTROL_6):   QUIT;
NOTE: PROCEDURE SQL used (Total process time):
      real time           0.00 seconds
      cpu time            0.00 seconds
      

MPRINT(CONTROL_6):   PROC SQL;
MPRINT(CONTROL_6):   SELECT gf_legacy_qr_sequential_id,Variacion,Variacion,Umbral_Min,Umbral_Max INTO 
:ID,:VAR1,:VAR2,:UMBRALMIN,:UMBRALMAX FROM ANALISIS;
MPRINT(CONTROL_6):   QUIT;
NOTE: The PROCEDURE SQL printed page 9.
NOTE: PROCEDURE SQL used (Total process time):
      real time           0.00 seconds
      cpu time            0.00 seconds
      

MPRINT(SUMMARYTABLE):   PROC SQL;
MPRINT(SUMMARYTABLE):   CREATE TABLE TAB03 AS SELECT INTNX('DAY',(INPUT("2022-06-30", YYMMDD10.)),0,'E') AS GF_CUTOFF_DATE 
FORMAT=YYMMDD10., DATETIME() AS GF_QUALITY_RULE_EXECUTION_DATE FORMAT=YMDHMS., "1700300101" AS GF_LEGACY_QR_SEQUENTIAL_ID LENGTH=10 
FORMAT=$CHAR10., GF_QUALITY_RULE_DRILLDOWN_DESC FORMAT=$3., GF_QUALITY_RULE_COMPLIANCE_PER FORMAT=5.2, 1 AS 
GF_QR_CPLC_NUMERATOR_NUMBER FORMAT=BEST11., 1 AS GF_QR_CPLC_DENOMINATOR_NUMBER FORMAT=BEST11., GF_QR_BALANCE_COMPLIANCE_PER 
FORMAT=5.2, -10018.6 AS GF_QR_NUMERATOR_AMOUNT FORMAT=26.6, -10018.6 AS GF_QR_DENOMINATOR_AMOUNT FORMAT=26.6 FROM ANALISIS;
NOTE: Table WORK.TAB03 created, with 1 rows and 10 columns.
13                                                         The SAS System                             19:01 Tuesday, August 30, 2022


MPRINT(SUMMARYTABLE):   QUIT;
NOTE: PROCEDURE SQL used (Total process time):
      real time           0.00 seconds
      cpu time            0.01 seconds
      

MPRINT(CONTROL_6):  ;
MPRINT(RESUMEN6):   PROC SQL;
MPRINT(RESUMEN6):   CREATE TABLE TAB04 AS SELECT GF_CUTOFF_DATE, GF_QUALITY_RULE_EXECUTION_DATE, GF_LEGACY_QR_SEQUENTIAL_ID, 
GF_QUALITY_RULE_DRILLDOWN_DESC, 1 AS GF_QR_CPLC_DENOMINATOR_NUMBER, CASE WHEN GF_QR_NUMERATOR_AMOUNT EQ 0 AND 
GF_QR_DENOMINATOR_AMOUNT EQ 0 THEN 0 WHEN (GF_QR_NUMERATOR_AMOUNT) > 18000 OR (GF_QR_NUMERATOR_AMOUNT) < -18000 THEN 0 ELSE 
GF_QR_CPLC_NUMERATOR_NUMBER END AS GF_QR_CPLC_NUMERATOR_NUMBER, . AS GF_QR_DENOMINATOR_AMOUNT, . AS GF_QR_NUMERATOR_AMOUNT, CASE 
WHEN GF_QR_NUMERATOR_AMOUNT EQ 0 AND GF_QR_DENOMINATOR_AMOUNT EQ 0 THEN 0 WHEN (GF_QR_NUMERATOR_AMOUNT) > 18000 OR 
(GF_QR_NUMERATOR_AMOUNT) < -18000 THEN 0 ELSE 100 END AS GF_QUALITY_RULE_COMPLIANCE_PER FORMAT=5.2, . AS 
GF_QR_BALANCE_COMPLIANCE_PER FORMAT=5.2 FROM TAB03;
NOTE: Table WORK.TAB04 created, with 1 rows and 10 columns.

MPRINT(RESUMEN6):   QUIT;
NOTE: PROCEDURE SQL used (Total process time):
      real time           0.00 seconds
      cpu time            0.00 seconds
      

MPRINT(CONTROL_6):  ;
MPRINT(PEGAR_RES):   PROC APPEND BASE=ACUM_RESULTADOS DATA=TAB04 FORCE;
MPRINT(PEGAR_RES):   RUN;

NOTE: Appending WORK.TAB04 to WORK.ACUM_RESULTADOS.
NOTE: There were 1 observations read from the data set WORK.TAB04.
NOTE: 1 observations added.
NOTE: The data set WORK.ACUM_RESULTADOS has 4 observations and 10 variables.
NOTE: PROCEDURE APPEND used (Total process time):
      real time           0.00 seconds
      cpu time            0.00 seconds
      

MPRINT(CONTROL_6):  ;
MPRINT(CONTROL_6):   PROC SQL;
MPRINT(CONTROL_6):   CREATE TABLE ANALISIS AS SELECT * FROM CONTROL_1 WHERE ID = 5;
NOTE: Table WORK.ANALISIS created, with 1 rows and 41 columns.

MPRINT(CONTROL_6):   QUIT;
NOTE: PROCEDURE SQL used (Total process time):
      real time           0.00 seconds
      cpu time            0.00 seconds
      

MPRINT(CONTROL_6):   PROC SQL;
MPRINT(CONTROL_6):   SELECT gf_legacy_qr_sequential_id,Variacion,Variacion,Umbral_Min,Umbral_Max INTO 
:ID,:VAR1,:VAR2,:UMBRALMIN,:UMBRALMAX FROM ANALISIS;
MPRINT(CONTROL_6):   QUIT;
NOTE: The PROCEDURE SQL printed page 10.
NOTE: PROCEDURE SQL used (Total process time):
      real time           0.00 seconds
      cpu time            0.00 seconds
      

14                                                         The SAS System                             19:01 Tuesday, August 30, 2022

MPRINT(SUMMARYTABLE):   PROC SQL;
MPRINT(SUMMARYTABLE):   CREATE TABLE TAB03 AS SELECT INTNX('DAY',(INPUT("2022-06-30", YYMMDD10.)),0,'E') AS GF_CUTOFF_DATE 
FORMAT=YYMMDD10., DATETIME() AS GF_QUALITY_RULE_EXECUTION_DATE FORMAT=YMDHMS., "1700400101" AS GF_LEGACY_QR_SEQUENTIAL_ID LENGTH=10 
FORMAT=$CHAR10., GF_QUALITY_RULE_DRILLDOWN_DESC FORMAT=$3., GF_QUALITY_RULE_COMPLIANCE_PER FORMAT=5.2, 1 AS 
GF_QR_CPLC_NUMERATOR_NUMBER FORMAT=BEST11., 1 AS GF_QR_CPLC_DENOMINATOR_NUMBER FORMAT=BEST11., GF_QR_BALANCE_COMPLIANCE_PER 
FORMAT=5.2, -8658.57 AS GF_QR_NUMERATOR_AMOUNT FORMAT=26.6, -8658.57 AS GF_QR_DENOMINATOR_AMOUNT FORMAT=26.6 FROM ANALISIS;
NOTE: Table WORK.TAB03 created, with 1 rows and 10 columns.

MPRINT(SUMMARYTABLE):   QUIT;
NOTE: PROCEDURE SQL used (Total process time):
      real time           0.00 seconds
      cpu time            0.00 seconds
      

MPRINT(CONTROL_6):  ;
MPRINT(RESUMEN6):   PROC SQL;
MPRINT(RESUMEN6):   CREATE TABLE TAB04 AS SELECT GF_CUTOFF_DATE, GF_QUALITY_RULE_EXECUTION_DATE, GF_LEGACY_QR_SEQUENTIAL_ID, 
GF_QUALITY_RULE_DRILLDOWN_DESC, 1 AS GF_QR_CPLC_DENOMINATOR_NUMBER, CASE WHEN GF_QR_NUMERATOR_AMOUNT EQ 0 AND 
GF_QR_DENOMINATOR_AMOUNT EQ 0 THEN 0 WHEN (GF_QR_NUMERATOR_AMOUNT) > 120000 OR (GF_QR_NUMERATOR_AMOUNT) < -120000 THEN 0 ELSE 
GF_QR_CPLC_NUMERATOR_NUMBER END AS GF_QR_CPLC_NUMERATOR_NUMBER, . AS GF_QR_DENOMINATOR_AMOUNT, . AS GF_QR_NUMERATOR_AMOUNT, CASE 
WHEN GF_QR_NUMERATOR_AMOUNT EQ 0 AND GF_QR_DENOMINATOR_AMOUNT EQ 0 THEN 0 WHEN (GF_QR_NUMERATOR_AMOUNT) > 120000 OR 
(GF_QR_NUMERATOR_AMOUNT) < -120000 THEN 0 ELSE 100 END AS GF_QUALITY_RULE_COMPLIANCE_PER FORMAT=5.2, . AS 
GF_QR_BALANCE_COMPLIANCE_PER FORMAT=5.2 FROM TAB03;
NOTE: Table WORK.TAB04 created, with 1 rows and 10 columns.

MPRINT(RESUMEN6):   QUIT;
NOTE: PROCEDURE SQL used (Total process time):
      real time           0.00 seconds
      cpu time            0.01 seconds
      

MPRINT(CONTROL_6):  ;
MPRINT(PEGAR_RES):   PROC APPEND BASE=ACUM_RESULTADOS DATA=TAB04 FORCE;
MPRINT(PEGAR_RES):   RUN;

NOTE: Appending WORK.TAB04 to WORK.ACUM_RESULTADOS.
NOTE: There were 1 observations read from the data set WORK.TAB04.
NOTE: 1 observations added.
NOTE: The data set WORK.ACUM_RESULTADOS has 5 observations and 10 variables.
NOTE: PROCEDURE APPEND used (Total process time):
      real time           0.00 seconds
      cpu time            0.00 seconds
      

MPRINT(CONTROL_6):  ;
MPRINT(CONTROL_6):   PROC SQL;
MPRINT(CONTROL_6):   CREATE TABLE ANALISIS AS SELECT * FROM CONTROL_1 WHERE ID = 6;
NOTE: Table WORK.ANALISIS created, with 1 rows and 41 columns.

MPRINT(CONTROL_6):   QUIT;
NOTE: PROCEDURE SQL used (Total process time):
      real time           0.00 seconds
      cpu time            0.00 seconds
      

MPRINT(CONTROL_6):   PROC SQL;
MPRINT(CONTROL_6):   SELECT gf_legacy_qr_sequential_id,Variacion,Variacion,Umbral_Min,Umbral_Max INTO 
:ID,:VAR1,:VAR2,:UMBRALMIN,:UMBRALMAX FROM ANALISIS;
15                                                         The SAS System                             19:01 Tuesday, August 30, 2022

MPRINT(CONTROL_6):   QUIT;
NOTE: The PROCEDURE SQL printed page 11.
NOTE: PROCEDURE SQL used (Total process time):
      real time           0.00 seconds
      cpu time            0.00 seconds
      

MPRINT(SUMMARYTABLE):   PROC SQL;
MPRINT(SUMMARYTABLE):   CREATE TABLE TAB03 AS SELECT INTNX('DAY',(INPUT("2022-06-30", YYMMDD10.)),0,'E') AS GF_CUTOFF_DATE 
FORMAT=YYMMDD10., DATETIME() AS GF_QUALITY_RULE_EXECUTION_DATE FORMAT=YMDHMS., "1704100101" AS GF_LEGACY_QR_SEQUENTIAL_ID LENGTH=10 
FORMAT=$CHAR10., GF_QUALITY_RULE_DRILLDOWN_DESC FORMAT=$3., GF_QUALITY_RULE_COMPLIANCE_PER FORMAT=5.2, 1 AS 
GF_QR_CPLC_NUMERATOR_NUMBER FORMAT=BEST11., 1 AS GF_QR_CPLC_DENOMINATOR_NUMBER FORMAT=BEST11., GF_QR_BALANCE_COMPLIANCE_PER 
FORMAT=5.2, -6844.4 AS GF_QR_NUMERATOR_AMOUNT FORMAT=26.6, -6844.4 AS GF_QR_DENOMINATOR_AMOUNT FORMAT=26.6 FROM ANALISIS;
NOTE: Table WORK.TAB03 created, with 1 rows and 10 columns.

MPRINT(SUMMARYTABLE):   QUIT;
NOTE: PROCEDURE SQL used (Total process time):
      real time           0.00 seconds
      cpu time            0.00 seconds
      

MPRINT(CONTROL_6):  ;
MPRINT(RESUMEN6):   PROC SQL;
MPRINT(RESUMEN6):   CREATE TABLE TAB04 AS SELECT GF_CUTOFF_DATE, GF_QUALITY_RULE_EXECUTION_DATE, GF_LEGACY_QR_SEQUENTIAL_ID, 
GF_QUALITY_RULE_DRILLDOWN_DESC, 1 AS GF_QR_CPLC_DENOMINATOR_NUMBER, CASE WHEN GF_QR_NUMERATOR_AMOUNT EQ 0 AND 
GF_QR_DENOMINATOR_AMOUNT EQ 0 THEN 0 WHEN (GF_QR_NUMERATOR_AMOUNT) > 98000 OR (GF_QR_NUMERATOR_AMOUNT) < -98000 THEN 0 ELSE 
GF_QR_CPLC_NUMERATOR_NUMBER END AS GF_QR_CPLC_NUMERATOR_NUMBER, . AS GF_QR_DENOMINATOR_AMOUNT, . AS GF_QR_NUMERATOR_AMOUNT, CASE 
WHEN GF_QR_NUMERATOR_AMOUNT EQ 0 AND GF_QR_DENOMINATOR_AMOUNT EQ 0 THEN 0 WHEN (GF_QR_NUMERATOR_AMOUNT) > 98000 OR 
(GF_QR_NUMERATOR_AMOUNT) < -98000 THEN 0 ELSE 100 END AS GF_QUALITY_RULE_COMPLIANCE_PER FORMAT=5.2, . AS 
GF_QR_BALANCE_COMPLIANCE_PER FORMAT=5.2 FROM TAB03;
NOTE: Table WORK.TAB04 created, with 1 rows and 10 columns.

MPRINT(RESUMEN6):   QUIT;
NOTE: PROCEDURE SQL used (Total process time):
      real time           0.00 seconds
      cpu time            0.01 seconds
      

MPRINT(CONTROL_6):  ;
MPRINT(PEGAR_RES):   PROC APPEND BASE=ACUM_RESULTADOS DATA=TAB04 FORCE;
MPRINT(PEGAR_RES):   RUN;

NOTE: Appending WORK.TAB04 to WORK.ACUM_RESULTADOS.
NOTE: There were 1 observations read from the data set WORK.TAB04.
NOTE: 1 observations added.
NOTE: The data set WORK.ACUM_RESULTADOS has 6 observations and 10 variables.
NOTE: PROCEDURE APPEND used (Total process time):
      real time           0.00 seconds
      cpu time            0.00 seconds
      

MPRINT(CONTROL_6):  ;
MPRINT(CONTROL_6):   PROC SQL;
MPRINT(CONTROL_6):   CREATE TABLE ANALISIS AS SELECT * FROM CONTROL_1 WHERE ID = 7;
NOTE: Table WORK.ANALISIS created, with 1 rows and 41 columns.

MPRINT(CONTROL_6):   QUIT;
NOTE: PROCEDURE SQL used (Total process time):
16                                                         The SAS System                             19:01 Tuesday, August 30, 2022

      real time           0.00 seconds
      cpu time            0.00 seconds
      

MPRINT(CONTROL_6):   PROC SQL;
MPRINT(CONTROL_6):   SELECT gf_legacy_qr_sequential_id,Variacion,Variacion,Umbral_Min,Umbral_Max INTO 
:ID,:VAR1,:VAR2,:UMBRALMIN,:UMBRALMAX FROM ANALISIS;
MPRINT(CONTROL_6):   QUIT;
NOTE: The PROCEDURE SQL printed page 12.
NOTE: PROCEDURE SQL used (Total process time):
      real time           0.00 seconds
      cpu time            0.00 seconds
      

MPRINT(SUMMARYTABLE):   PROC SQL;
MPRINT(SUMMARYTABLE):   CREATE TABLE TAB03 AS SELECT INTNX('DAY',(INPUT("2022-06-30", YYMMDD10.)),0,'E') AS GF_CUTOFF_DATE 
FORMAT=YYMMDD10., DATETIME() AS GF_QUALITY_RULE_EXECUTION_DATE FORMAT=YMDHMS., "1703100101" AS GF_LEGACY_QR_SEQUENTIAL_ID LENGTH=10 
FORMAT=$CHAR10., GF_QUALITY_RULE_DRILLDOWN_DESC FORMAT=$3., GF_QUALITY_RULE_COMPLIANCE_PER FORMAT=5.2, 1 AS 
GF_QR_CPLC_NUMERATOR_NUMBER FORMAT=BEST11., 1 AS GF_QR_CPLC_DENOMINATOR_NUMBER FORMAT=BEST11., GF_QR_BALANCE_COMPLIANCE_PER 
FORMAT=5.2, -9751.79 AS GF_QR_NUMERATOR_AMOUNT FORMAT=26.6, -9751.79 AS GF_QR_DENOMINATOR_AMOUNT FORMAT=26.6 FROM ANALISIS;
NOTE: Table WORK.TAB03 created, with 1 rows and 10 columns.

MPRINT(SUMMARYTABLE):   QUIT;
NOTE: PROCEDURE SQL used (Total process time):
      real time           0.00 seconds
      cpu time            0.00 seconds
      

MPRINT(CONTROL_6):  ;
MPRINT(RESUMEN6):   PROC SQL;
MPRINT(RESUMEN6):   CREATE TABLE TAB04 AS SELECT GF_CUTOFF_DATE, GF_QUALITY_RULE_EXECUTION_DATE, GF_LEGACY_QR_SEQUENTIAL_ID, 
GF_QUALITY_RULE_DRILLDOWN_DESC, 1 AS GF_QR_CPLC_DENOMINATOR_NUMBER, CASE WHEN GF_QR_NUMERATOR_AMOUNT EQ 0 AND 
GF_QR_DENOMINATOR_AMOUNT EQ 0 THEN 0 WHEN (GF_QR_NUMERATOR_AMOUNT) > 80000 OR (GF_QR_NUMERATOR_AMOUNT) < -80000 THEN 0 ELSE 
GF_QR_CPLC_NUMERATOR_NUMBER END AS GF_QR_CPLC_NUMERATOR_NUMBER, . AS GF_QR_DENOMINATOR_AMOUNT, . AS GF_QR_NUMERATOR_AMOUNT, CASE 
WHEN GF_QR_NUMERATOR_AMOUNT EQ 0 AND GF_QR_DENOMINATOR_AMOUNT EQ 0 THEN 0 WHEN (GF_QR_NUMERATOR_AMOUNT) > 80000 OR 
(GF_QR_NUMERATOR_AMOUNT) < -80000 THEN 0 ELSE 100 END AS GF_QUALITY_RULE_COMPLIANCE_PER FORMAT=5.2, . AS 
GF_QR_BALANCE_COMPLIANCE_PER FORMAT=5.2 FROM TAB03;
NOTE: Table WORK.TAB04 created, with 1 rows and 10 columns.

MPRINT(RESUMEN6):   QUIT;
NOTE: PROCEDURE SQL used (Total process time):
      real time           0.00 seconds
      cpu time            0.00 seconds
      

MPRINT(CONTROL_6):  ;
MPRINT(PEGAR_RES):   PROC APPEND BASE=ACUM_RESULTADOS DATA=TAB04 FORCE;
MPRINT(PEGAR_RES):   RUN;

NOTE: Appending WORK.TAB04 to WORK.ACUM_RESULTADOS.
NOTE: There were 1 observations read from the data set WORK.TAB04.
NOTE: 1 observations added.
NOTE: The data set WORK.ACUM_RESULTADOS has 7 observations and 10 variables.
NOTE: PROCEDURE APPEND used (Total process time):
      real time           0.00 seconds
      cpu time            0.00 seconds
      

17                                                         The SAS System                             19:01 Tuesday, August 30, 2022

MPRINT(CONTROL_6):  ;
MPRINT(CONTROL_6):   PROC SQL;
MPRINT(CONTROL_6):   CREATE TABLE ANALISIS AS SELECT * FROM CONTROL_1 WHERE ID = 8;
NOTE: Table WORK.ANALISIS created, with 1 rows and 41 columns.

MPRINT(CONTROL_6):   QUIT;
NOTE: PROCEDURE SQL used (Total process time):
      real time           0.00 seconds
      cpu time            0.00 seconds
      

MPRINT(CONTROL_6):   PROC SQL;
MPRINT(CONTROL_6):   SELECT gf_legacy_qr_sequential_id,Variacion,Variacion,Umbral_Min,Umbral_Max INTO 
:ID,:VAR1,:VAR2,:UMBRALMIN,:UMBRALMAX FROM ANALISIS;
MPRINT(CONTROL_6):   QUIT;
NOTE: The PROCEDURE SQL printed page 13.
NOTE: PROCEDURE SQL used (Total process time):
      real time           0.00 seconds
      cpu time            0.00 seconds
      

MPRINT(SUMMARYTABLE):   PROC SQL;
MPRINT(SUMMARYTABLE):   CREATE TABLE TAB03 AS SELECT INTNX('DAY',(INPUT("2022-06-30", YYMMDD10.)),0,'E') AS GF_CUTOFF_DATE 
FORMAT=YYMMDD10., DATETIME() AS GF_QUALITY_RULE_EXECUTION_DATE FORMAT=YMDHMS., "1703200101" AS GF_LEGACY_QR_SEQUENTIAL_ID LENGTH=10 
FORMAT=$CHAR10., GF_QUALITY_RULE_DRILLDOWN_DESC FORMAT=$3., GF_QUALITY_RULE_COMPLIANCE_PER FORMAT=5.2, 1 AS 
GF_QR_CPLC_NUMERATOR_NUMBER FORMAT=BEST11., 1 AS GF_QR_CPLC_DENOMINATOR_NUMBER FORMAT=BEST11., GF_QR_BALANCE_COMPLIANCE_PER 
FORMAT=5.2, -7147.92 AS GF_QR_NUMERATOR_AMOUNT FORMAT=26.6, -7147.92 AS GF_QR_DENOMINATOR_AMOUNT FORMAT=26.6 FROM ANALISIS;
NOTE: Table WORK.TAB03 created, with 1 rows and 10 columns.

MPRINT(SUMMARYTABLE):   QUIT;
NOTE: PROCEDURE SQL used (Total process time):
      real time           0.00 seconds
      cpu time            0.00 seconds
      

MPRINT(CONTROL_6):  ;
MPRINT(RESUMEN6):   PROC SQL;
MPRINT(RESUMEN6):   CREATE TABLE TAB04 AS SELECT GF_CUTOFF_DATE, GF_QUALITY_RULE_EXECUTION_DATE, GF_LEGACY_QR_SEQUENTIAL_ID, 
GF_QUALITY_RULE_DRILLDOWN_DESC, 1 AS GF_QR_CPLC_DENOMINATOR_NUMBER, CASE WHEN GF_QR_NUMERATOR_AMOUNT EQ 0 AND 
GF_QR_DENOMINATOR_AMOUNT EQ 0 THEN 0 WHEN (GF_QR_NUMERATOR_AMOUNT) > 70000 OR (GF_QR_NUMERATOR_AMOUNT) < -70000 THEN 0 ELSE 
GF_QR_CPLC_NUMERATOR_NUMBER END AS GF_QR_CPLC_NUMERATOR_NUMBER, . AS GF_QR_DENOMINATOR_AMOUNT, . AS GF_QR_NUMERATOR_AMOUNT, CASE 
WHEN GF_QR_NUMERATOR_AMOUNT EQ 0 AND GF_QR_DENOMINATOR_AMOUNT EQ 0 THEN 0 WHEN (GF_QR_NUMERATOR_AMOUNT) > 70000 OR 
(GF_QR_NUMERATOR_AMOUNT) < -70000 THEN 0 ELSE 100 END AS GF_QUALITY_RULE_COMPLIANCE_PER FORMAT=5.2, . AS 
GF_QR_BALANCE_COMPLIANCE_PER FORMAT=5.2 FROM TAB03;
NOTE: Table WORK.TAB04 created, with 1 rows and 10 columns.

MPRINT(RESUMEN6):   QUIT;
NOTE: PROCEDURE SQL used (Total process time):
      real time           0.00 seconds
      cpu time            0.00 seconds
      

MPRINT(CONTROL_6):  ;
MPRINT(PEGAR_RES):   PROC APPEND BASE=ACUM_RESULTADOS DATA=TAB04 FORCE;
MPRINT(PEGAR_RES):   RUN;

NOTE: Appending WORK.TAB04 to WORK.ACUM_RESULTADOS.
NOTE: There were 1 observations read from the data set WORK.TAB04.
18                                                         The SAS System                             19:01 Tuesday, August 30, 2022

NOTE: 1 observations added.
NOTE: The data set WORK.ACUM_RESULTADOS has 8 observations and 10 variables.
NOTE: PROCEDURE APPEND used (Total process time):
      real time           0.00 seconds
      cpu time            0.00 seconds
      

MPRINT(CONTROL_6):  ;
MPRINT(CONTROL_6):   PROC SQL;
MPRINT(CONTROL_6):   CREATE TABLE ANALISIS AS SELECT * FROM CONTROL_1 WHERE ID = 9;
NOTE: Table WORK.ANALISIS created, with 1 rows and 41 columns.

MPRINT(CONTROL_6):   QUIT;
NOTE: PROCEDURE SQL used (Total process time):
      real time           0.00 seconds
      cpu time            0.00 seconds
      

MPRINT(CONTROL_6):   PROC SQL;
MPRINT(CONTROL_6):   SELECT gf_legacy_qr_sequential_id,Variacion,Variacion,Umbral_Min,Umbral_Max INTO 
:ID,:VAR1,:VAR2,:UMBRALMIN,:UMBRALMAX FROM ANALISIS;
MPRINT(CONTROL_6):   QUIT;
NOTE: The PROCEDURE SQL printed page 14.
NOTE: PROCEDURE SQL used (Total process time):
      real time           0.00 seconds
      cpu time            0.00 seconds
      

MPRINT(SUMMARYTABLE):   PROC SQL;
MPRINT(SUMMARYTABLE):   CREATE TABLE TAB03 AS SELECT INTNX('DAY',(INPUT("2022-06-30", YYMMDD10.)),0,'E') AS GF_CUTOFF_DATE 
FORMAT=YYMMDD10., DATETIME() AS GF_QUALITY_RULE_EXECUTION_DATE FORMAT=YMDHMS., "1704000101" AS GF_LEGACY_QR_SEQUENTIAL_ID LENGTH=10 
FORMAT=$CHAR10., GF_QUALITY_RULE_DRILLDOWN_DESC FORMAT=$3., GF_QUALITY_RULE_COMPLIANCE_PER FORMAT=5.2, 1 AS 
GF_QR_CPLC_NUMERATOR_NUMBER FORMAT=BEST11., 1 AS GF_QR_CPLC_DENOMINATOR_NUMBER FORMAT=BEST11., GF_QR_BALANCE_COMPLIANCE_PER 
FORMAT=5.2, -2603.87 AS GF_QR_NUMERATOR_AMOUNT FORMAT=26.6, -2603.87 AS GF_QR_DENOMINATOR_AMOUNT FORMAT=26.6 FROM ANALISIS;
NOTE: Table WORK.TAB03 created, with 1 rows and 10 columns.

MPRINT(SUMMARYTABLE):   QUIT;
NOTE: PROCEDURE SQL used (Total process time):
      real time           0.00 seconds
      cpu time            0.00 seconds
      

MPRINT(CONTROL_6):  ;
MPRINT(RESUMEN6):   PROC SQL;
MPRINT(RESUMEN6):   CREATE TABLE TAB04 AS SELECT GF_CUTOFF_DATE, GF_QUALITY_RULE_EXECUTION_DATE, GF_LEGACY_QR_SEQUENTIAL_ID, 
GF_QUALITY_RULE_DRILLDOWN_DESC, 1 AS GF_QR_CPLC_DENOMINATOR_NUMBER, CASE WHEN GF_QR_NUMERATOR_AMOUNT EQ 0 AND 
GF_QR_DENOMINATOR_AMOUNT EQ 0 THEN 0 WHEN (GF_QR_NUMERATOR_AMOUNT) > 40000 OR (GF_QR_NUMERATOR_AMOUNT) < -40000 THEN 0 ELSE 
GF_QR_CPLC_NUMERATOR_NUMBER END AS GF_QR_CPLC_NUMERATOR_NUMBER, . AS GF_QR_DENOMINATOR_AMOUNT, . AS GF_QR_NUMERATOR_AMOUNT, CASE 
WHEN GF_QR_NUMERATOR_AMOUNT EQ 0 AND GF_QR_DENOMINATOR_AMOUNT EQ 0 THEN 0 WHEN (GF_QR_NUMERATOR_AMOUNT) > 40000 OR 
(GF_QR_NUMERATOR_AMOUNT) < -40000 THEN 0 ELSE 100 END AS GF_QUALITY_RULE_COMPLIANCE_PER FORMAT=5.2, . AS 
GF_QR_BALANCE_COMPLIANCE_PER FORMAT=5.2 FROM TAB03;
NOTE: Table WORK.TAB04 created, with 1 rows and 10 columns.

MPRINT(RESUMEN6):   QUIT;
NOTE: PROCEDURE SQL used (Total process time):
      real time           0.00 seconds
      cpu time            0.00 seconds
      
19                                                         The SAS System                             19:01 Tuesday, August 30, 2022


MPRINT(CONTROL_6):  ;
MPRINT(PEGAR_RES):   PROC APPEND BASE=ACUM_RESULTADOS DATA=TAB04 FORCE;
MPRINT(PEGAR_RES):   RUN;

NOTE: Appending WORK.TAB04 to WORK.ACUM_RESULTADOS.
NOTE: There were 1 observations read from the data set WORK.TAB04.
NOTE: 1 observations added.
NOTE: The data set WORK.ACUM_RESULTADOS has 9 observations and 10 variables.
NOTE: PROCEDURE APPEND used (Total process time):
      real time           0.00 seconds
      cpu time            0.00 seconds
      

MPRINT(CONTROL_6):  ;
MPRINT(CONTROL_6):   PROC SQL;
MPRINT(CONTROL_6):   CREATE TABLE ANALISIS AS SELECT * FROM CONTROL_1 WHERE ID = 10;
NOTE: Table WORK.ANALISIS created, with 1 rows and 41 columns.

MPRINT(CONTROL_6):   QUIT;
NOTE: PROCEDURE SQL used (Total process time):
      real time           0.00 seconds
      cpu time            0.01 seconds
      

MPRINT(CONTROL_6):   PROC SQL;
MPRINT(CONTROL_6):   SELECT gf_legacy_qr_sequential_id,Variacion,Variacion,Umbral_Min,Umbral_Max INTO 
:ID,:VAR1,:VAR2,:UMBRALMIN,:UMBRALMAX FROM ANALISIS;
MPRINT(CONTROL_6):   QUIT;
NOTE: The PROCEDURE SQL printed page 15.
NOTE: PROCEDURE SQL used (Total process time):
      real time           0.00 seconds
      cpu time            0.00 seconds
      

MPRINT(SUMMARYTABLE):   PROC SQL;
MPRINT(SUMMARYTABLE):   CREATE TABLE TAB03 AS SELECT INTNX('DAY',(INPUT("2022-06-30", YYMMDD10.)),0,'E') AS GF_CUTOFF_DATE 
FORMAT=YYMMDD10., DATETIME() AS GF_QUALITY_RULE_EXECUTION_DATE FORMAT=YMDHMS., "1700800101" AS GF_LEGACY_QR_SEQUENTIAL_ID LENGTH=10 
FORMAT=$CHAR10., GF_QUALITY_RULE_DRILLDOWN_DESC FORMAT=$3., GF_QUALITY_RULE_COMPLIANCE_PER FORMAT=5.2, 1 AS 
GF_QR_CPLC_NUMERATOR_NUMBER FORMAT=BEST11., 1 AS GF_QR_CPLC_DENOMINATOR_NUMBER FORMAT=BEST11., GF_QR_BALANCE_COMPLIANCE_PER 
FORMAT=5.2, -6606.42 AS GF_QR_NUMERATOR_AMOUNT FORMAT=26.6, -6606.42 AS GF_QR_DENOMINATOR_AMOUNT FORMAT=26.6 FROM ANALISIS;
NOTE: Table WORK.TAB03 created, with 1 rows and 10 columns.

MPRINT(SUMMARYTABLE):   QUIT;
NOTE: PROCEDURE SQL used (Total process time):
      real time           0.00 seconds
      cpu time            0.00 seconds
      

MPRINT(CONTROL_6):  ;
MPRINT(RESUMEN6):   PROC SQL;
MPRINT(RESUMEN6):   CREATE TABLE TAB04 AS SELECT GF_CUTOFF_DATE, GF_QUALITY_RULE_EXECUTION_DATE, GF_LEGACY_QR_SEQUENTIAL_ID, 
GF_QUALITY_RULE_DRILLDOWN_DESC, 1 AS GF_QR_CPLC_DENOMINATOR_NUMBER, CASE WHEN GF_QR_NUMERATOR_AMOUNT EQ 0 AND 
GF_QR_DENOMINATOR_AMOUNT EQ 0 THEN 0 WHEN (GF_QR_NUMERATOR_AMOUNT) > 185000 OR (GF_QR_NUMERATOR_AMOUNT) < -185000 THEN 0 ELSE 
GF_QR_CPLC_NUMERATOR_NUMBER END AS GF_QR_CPLC_NUMERATOR_NUMBER, . AS GF_QR_DENOMINATOR_AMOUNT, . AS GF_QR_NUMERATOR_AMOUNT, CASE 
WHEN GF_QR_NUMERATOR_AMOUNT EQ 0 AND GF_QR_DENOMINATOR_AMOUNT EQ 0 THEN 0 WHEN (GF_QR_NUMERATOR_AMOUNT) > 185000 OR 
(GF_QR_NUMERATOR_AMOUNT) < -185000 THEN 0 ELSE 100 END AS GF_QUALITY_RULE_COMPLIANCE_PER FORMAT=5.2, . AS 
GF_QR_BALANCE_COMPLIANCE_PER FORMAT=5.2 FROM TAB03;
20                                                         The SAS System                             19:01 Tuesday, August 30, 2022

NOTE: Table WORK.TAB04 created, with 1 rows and 10 columns.

MPRINT(RESUMEN6):   QUIT;
NOTE: PROCEDURE SQL used (Total process time):
      real time           0.00 seconds
      cpu time            0.00 seconds
      

MPRINT(CONTROL_6):  ;
MPRINT(PEGAR_RES):   PROC APPEND BASE=ACUM_RESULTADOS DATA=TAB04 FORCE;
MPRINT(PEGAR_RES):   RUN;

NOTE: Appending WORK.TAB04 to WORK.ACUM_RESULTADOS.
NOTE: There were 1 observations read from the data set WORK.TAB04.
NOTE: 1 observations added.
NOTE: The data set WORK.ACUM_RESULTADOS has 10 observations and 10 variables.
NOTE: PROCEDURE APPEND used (Total process time):
      real time           0.00 seconds
      cpu time            0.00 seconds
      

MPRINT(CONTROL_6):  ;
MPRINT(CONTROL_6):   PROC SQL;
MPRINT(CONTROL_6):   CREATE TABLE ANALISIS AS SELECT * FROM CONTROL_1 WHERE ID = 11;
NOTE: Table WORK.ANALISIS created, with 1 rows and 41 columns.

MPRINT(CONTROL_6):   QUIT;
NOTE: PROCEDURE SQL used (Total process time):
      real time           0.00 seconds
      cpu time            0.00 seconds
      

MPRINT(CONTROL_6):   PROC SQL;
MPRINT(CONTROL_6):   SELECT gf_legacy_qr_sequential_id,Variacion,Variacion,Umbral_Min,Umbral_Max INTO 
:ID,:VAR1,:VAR2,:UMBRALMIN,:UMBRALMAX FROM ANALISIS;
MPRINT(CONTROL_6):   QUIT;
NOTE: The PROCEDURE SQL printed page 16.
NOTE: PROCEDURE SQL used (Total process time):
      real time           0.00 seconds
      cpu time            0.00 seconds
      

MPRINT(SUMMARYTABLE):   PROC SQL;
MPRINT(SUMMARYTABLE):   CREATE TABLE TAB03 AS SELECT INTNX('DAY',(INPUT("2022-06-30", YYMMDD10.)),0,'E') AS GF_CUTOFF_DATE 
FORMAT=YYMMDD10., DATETIME() AS GF_QUALITY_RULE_EXECUTION_DATE FORMAT=YMDHMS., "1700600101" AS GF_LEGACY_QR_SEQUENTIAL_ID LENGTH=10 
FORMAT=$CHAR10., GF_QUALITY_RULE_DRILLDOWN_DESC FORMAT=$3., GF_QUALITY_RULE_COMPLIANCE_PER FORMAT=5.2, 1 AS 
GF_QR_CPLC_NUMERATOR_NUMBER FORMAT=BEST11., 1 AS GF_QR_CPLC_DENOMINATOR_NUMBER FORMAT=BEST11., GF_QR_BALANCE_COMPLIANCE_PER 
FORMAT=5.2, -12647.9 AS GF_QR_NUMERATOR_AMOUNT FORMAT=26.6, -12647.9 AS GF_QR_DENOMINATOR_AMOUNT FORMAT=26.6 FROM ANALISIS;
NOTE: Table WORK.TAB03 created, with 1 rows and 10 columns.

MPRINT(SUMMARYTABLE):   QUIT;
NOTE: PROCEDURE SQL used (Total process time):
      real time           0.00 seconds
      cpu time            0.00 seconds
      

MPRINT(CONTROL_6):  ;
MPRINT(RESUMEN6):   PROC SQL;
21                                                         The SAS System                             19:01 Tuesday, August 30, 2022

MPRINT(RESUMEN6):   CREATE TABLE TAB04 AS SELECT GF_CUTOFF_DATE, GF_QUALITY_RULE_EXECUTION_DATE, GF_LEGACY_QR_SEQUENTIAL_ID, 
GF_QUALITY_RULE_DRILLDOWN_DESC, 1 AS GF_QR_CPLC_DENOMINATOR_NUMBER, CASE WHEN GF_QR_NUMERATOR_AMOUNT EQ 0 AND 
GF_QR_DENOMINATOR_AMOUNT EQ 0 THEN 0 WHEN (GF_QR_NUMERATOR_AMOUNT) > 185000 OR (GF_QR_NUMERATOR_AMOUNT) < -185000 THEN 0 ELSE 
GF_QR_CPLC_NUMERATOR_NUMBER END AS GF_QR_CPLC_NUMERATOR_NUMBER, . AS GF_QR_DENOMINATOR_AMOUNT, . AS GF_QR_NUMERATOR_AMOUNT, CASE 
WHEN GF_QR_NUMERATOR_AMOUNT EQ 0 AND GF_QR_DENOMINATOR_AMOUNT EQ 0 THEN 0 WHEN (GF_QR_NUMERATOR_AMOUNT) > 185000 OR 
(GF_QR_NUMERATOR_AMOUNT) < -185000 THEN 0 ELSE 100 END AS GF_QUALITY_RULE_COMPLIANCE_PER FORMAT=5.2, . AS 
GF_QR_BALANCE_COMPLIANCE_PER FORMAT=5.2 FROM TAB03;
NOTE: Table WORK.TAB04 created, with 1 rows and 10 columns.

MPRINT(RESUMEN6):   QUIT;
NOTE: PROCEDURE SQL used (Total process time):
      real time           0.00 seconds
      cpu time            0.00 seconds
      

MPRINT(CONTROL_6):  ;
MPRINT(PEGAR_RES):   PROC APPEND BASE=ACUM_RESULTADOS DATA=TAB04 FORCE;
MPRINT(PEGAR_RES):   RUN;

NOTE: Appending WORK.TAB04 to WORK.ACUM_RESULTADOS.
NOTE: There were 1 observations read from the data set WORK.TAB04.
NOTE: 1 observations added.
NOTE: The data set WORK.ACUM_RESULTADOS has 11 observations and 10 variables.
NOTE: PROCEDURE APPEND used (Total process time):
      real time           0.00 seconds
      cpu time            0.00 seconds
      

MPRINT(CONTROL_6):  ;
MPRINT(CONTROL_6):   PROC SQL;
MPRINT(CONTROL_6):   CREATE TABLE ANALISIS AS SELECT * FROM CONTROL_1 WHERE ID = 12;
NOTE: Table WORK.ANALISIS created, with 1 rows and 41 columns.

MPRINT(CONTROL_6):   QUIT;
NOTE: PROCEDURE SQL used (Total process time):
      real time           0.00 seconds
      cpu time            0.00 seconds
      

MPRINT(CONTROL_6):   PROC SQL;
MPRINT(CONTROL_6):   SELECT gf_legacy_qr_sequential_id,Variacion,Variacion,Umbral_Min,Umbral_Max INTO 
:ID,:VAR1,:VAR2,:UMBRALMIN,:UMBRALMAX FROM ANALISIS;
MPRINT(CONTROL_6):   QUIT;
NOTE: The PROCEDURE SQL printed page 17.
NOTE: PROCEDURE SQL used (Total process time):
      real time           0.00 seconds
      cpu time            0.00 seconds
      

MPRINT(SUMMARYTABLE):   PROC SQL;
MPRINT(SUMMARYTABLE):   CREATE TABLE TAB03 AS SELECT INTNX('DAY',(INPUT("2022-06-30", YYMMDD10.)),0,'E') AS GF_CUTOFF_DATE 
FORMAT=YYMMDD10., DATETIME() AS GF_QUALITY_RULE_EXECUTION_DATE FORMAT=YMDHMS., "1700700101" AS GF_LEGACY_QR_SEQUENTIAL_ID LENGTH=10 
FORMAT=$CHAR10., GF_QUALITY_RULE_DRILLDOWN_DESC FORMAT=$3., GF_QUALITY_RULE_COMPLIANCE_PER FORMAT=5.2, 1 AS 
GF_QR_CPLC_NUMERATOR_NUMBER FORMAT=BEST11., 1 AS GF_QR_CPLC_DENOMINATOR_NUMBER FORMAT=BEST11., GF_QR_BALANCE_COMPLIANCE_PER 
FORMAT=5.2, 6041.526 AS GF_QR_NUMERATOR_AMOUNT FORMAT=26.6, 6041.526 AS GF_QR_DENOMINATOR_AMOUNT FORMAT=26.6 FROM ANALISIS;
NOTE: Table WORK.TAB03 created, with 1 rows and 10 columns.

MPRINT(SUMMARYTABLE):   QUIT;
22                                                         The SAS System                             19:01 Tuesday, August 30, 2022

NOTE: PROCEDURE SQL used (Total process time):
      real time           0.00 seconds
      cpu time            0.00 seconds
      

MPRINT(CONTROL_6):  ;
MPRINT(RESUMEN6):   PROC SQL;
MPRINT(RESUMEN6):   CREATE TABLE TAB04 AS SELECT GF_CUTOFF_DATE, GF_QUALITY_RULE_EXECUTION_DATE, GF_LEGACY_QR_SEQUENTIAL_ID, 
GF_QUALITY_RULE_DRILLDOWN_DESC, 1 AS GF_QR_CPLC_DENOMINATOR_NUMBER, CASE WHEN GF_QR_NUMERATOR_AMOUNT EQ 0 AND 
GF_QR_DENOMINATOR_AMOUNT EQ 0 THEN 0 WHEN (GF_QR_NUMERATOR_AMOUNT) > 28000 OR (GF_QR_NUMERATOR_AMOUNT) < -28000 THEN 0 ELSE 
GF_QR_CPLC_NUMERATOR_NUMBER END AS GF_QR_CPLC_NUMERATOR_NUMBER, . AS GF_QR_DENOMINATOR_AMOUNT, . AS GF_QR_NUMERATOR_AMOUNT, CASE 
WHEN GF_QR_NUMERATOR_AMOUNT EQ 0 AND GF_QR_DENOMINATOR_AMOUNT EQ 0 THEN 0 WHEN (GF_QR_NUMERATOR_AMOUNT) > 28000 OR 
(GF_QR_NUMERATOR_AMOUNT) < -28000 THEN 0 ELSE 100 END AS GF_QUALITY_RULE_COMPLIANCE_PER FORMAT=5.2, . AS 
GF_QR_BALANCE_COMPLIANCE_PER FORMAT=5.2 FROM TAB03;
NOTE: Table WORK.TAB04 created, with 1 rows and 10 columns.

MPRINT(RESUMEN6):   QUIT;
NOTE: PROCEDURE SQL used (Total process time):
      real time           0.00 seconds
      cpu time            0.00 seconds
      

MPRINT(CONTROL_6):  ;
MPRINT(PEGAR_RES):   PROC APPEND BASE=ACUM_RESULTADOS DATA=TAB04 FORCE;
MPRINT(PEGAR_RES):   RUN;

NOTE: Appending WORK.TAB04 to WORK.ACUM_RESULTADOS.
NOTE: There were 1 observations read from the data set WORK.TAB04.
NOTE: 1 observations added.
NOTE: The data set WORK.ACUM_RESULTADOS has 12 observations and 10 variables.
NOTE: PROCEDURE APPEND used (Total process time):
      real time           0.00 seconds
      cpu time            0.00 seconds
      

MPRINT(CONTROL_6):  ;
MPRINT(CONTROL_6):   PROC SQL;
MPRINT(CONTROL_6):   CREATE TABLE ANALISIS AS SELECT * FROM CONTROL_1 WHERE ID = 13;
NOTE: Table WORK.ANALISIS created, with 1 rows and 41 columns.

MPRINT(CONTROL_6):   QUIT;
NOTE: PROCEDURE SQL used (Total process time):
      real time           0.00 seconds
      cpu time            0.00 seconds
      

MPRINT(CONTROL_6):   PROC SQL;
MPRINT(CONTROL_6):   SELECT gf_legacy_qr_sequential_id,Variacion,Variacion,Umbral_Min,Umbral_Max INTO 
:ID,:VAR1,:VAR2,:UMBRALMIN,:UMBRALMAX FROM ANALISIS;
MPRINT(CONTROL_6):   QUIT;
NOTE: The PROCEDURE SQL printed page 18.
NOTE: PROCEDURE SQL used (Total process time):
      real time           0.00 seconds
      cpu time            0.00 seconds
      

MPRINT(SUMMARYTABLE):   PROC SQL;
MPRINT(SUMMARYTABLE):   CREATE TABLE TAB03 AS SELECT INTNX('DAY',(INPUT("2022-06-30", YYMMDD10.)),0,'E') AS GF_CUTOFF_DATE 
23                                                         The SAS System                             19:01 Tuesday, August 30, 2022

FORMAT=YYMMDD10., DATETIME() AS GF_QUALITY_RULE_EXECUTION_DATE FORMAT=YMDHMS., "1704200101" AS GF_LEGACY_QR_SEQUENTIAL_ID LENGTH=10 
FORMAT=$CHAR10., GF_QUALITY_RULE_DRILLDOWN_DESC FORMAT=$3., GF_QUALITY_RULE_COMPLIANCE_PER FORMAT=5.2, 1 AS 
GF_QR_CPLC_NUMERATOR_NUMBER FORMAT=BEST11., 1 AS GF_QR_CPLC_DENOMINATOR_NUMBER FORMAT=BEST11., GF_QR_BALANCE_COMPLIANCE_PER 
FORMAT=5.2, 11105.12 AS GF_QR_NUMERATOR_AMOUNT FORMAT=26.6, 11105.12 AS GF_QR_DENOMINATOR_AMOUNT FORMAT=26.6 FROM ANALISIS;
NOTE: Table WORK.TAB03 created, with 1 rows and 10 columns.

MPRINT(SUMMARYTABLE):   QUIT;
NOTE: PROCEDURE SQL used (Total process time):
      real time           0.00 seconds
      cpu time            0.00 seconds
      

MPRINT(CONTROL_6):  ;
MPRINT(RESUMEN6):   PROC SQL;
MPRINT(RESUMEN6):   CREATE TABLE TAB04 AS SELECT GF_CUTOFF_DATE, GF_QUALITY_RULE_EXECUTION_DATE, GF_LEGACY_QR_SEQUENTIAL_ID, 
GF_QUALITY_RULE_DRILLDOWN_DESC, 1 AS GF_QR_CPLC_DENOMINATOR_NUMBER, CASE WHEN GF_QR_NUMERATOR_AMOUNT EQ 0 AND 
GF_QR_DENOMINATOR_AMOUNT EQ 0 THEN 0 WHEN (GF_QR_NUMERATOR_AMOUNT) > 98000 OR (GF_QR_NUMERATOR_AMOUNT) < -98000 THEN 0 ELSE 
GF_QR_CPLC_NUMERATOR_NUMBER END AS GF_QR_CPLC_NUMERATOR_NUMBER, . AS GF_QR_DENOMINATOR_AMOUNT, . AS GF_QR_NUMERATOR_AMOUNT, CASE 
WHEN GF_QR_NUMERATOR_AMOUNT EQ 0 AND GF_QR_DENOMINATOR_AMOUNT EQ 0 THEN 0 WHEN (GF_QR_NUMERATOR_AMOUNT) > 98000 OR 
(GF_QR_NUMERATOR_AMOUNT) < -98000 THEN 0 ELSE 100 END AS GF_QUALITY_RULE_COMPLIANCE_PER FORMAT=5.2, . AS 
GF_QR_BALANCE_COMPLIANCE_PER FORMAT=5.2 FROM TAB03;
NOTE: Table WORK.TAB04 created, with 1 rows and 10 columns.

MPRINT(RESUMEN6):   QUIT;
NOTE: PROCEDURE SQL used (Total process time):
      real time           0.00 seconds
      cpu time            0.00 seconds
      

MPRINT(CONTROL_6):  ;
MPRINT(PEGAR_RES):   PROC APPEND BASE=ACUM_RESULTADOS DATA=TAB04 FORCE;
MPRINT(PEGAR_RES):   RUN;

NOTE: Appending WORK.TAB04 to WORK.ACUM_RESULTADOS.
NOTE: There were 1 observations read from the data set WORK.TAB04.
NOTE: 1 observations added.
NOTE: The data set WORK.ACUM_RESULTADOS has 13 observations and 10 variables.
NOTE: PROCEDURE APPEND used (Total process time):
      real time           0.00 seconds
      cpu time            0.00 seconds
      

MPRINT(CONTROL_6):  ;
672        %include "&ruta_codigos.P4_GeneracionOutput.sas";
NOTE: Table WORK.TMP_SALIDA created, with 13 rows and 28 columns.

NOTE: PROCEDURE SQL used (Total process time):
      real time           0.04 seconds
      cpu time            0.02 seconds
      

NOTE: 13 rows were inserted into WORK.TMP_DQLEGACY.

NOTE: PROC SQL statements are executed immediately; The RUN statement has no effect.
NOTE: PROCEDURE SQL used (Total process time):
      real time           0.00 seconds
      cpu time            0.00 seconds
      
24                                                         The SAS System                             19:01 Tuesday, August 30, 2022



NOTE: There were 13 observations read from the data set WORK.TMP_DQLEGACY.
NOTE: The data set WORK.TMP_DQLEGACY_HOLDING has 13 observations and 25 variables.
NOTE: DATA statement used (Total process time):
      real time           0.00 seconds
      cpu time            0.00 seconds
      

NOTE: 13 rows were inserted into OUTPUT.DQLEGACY.

NOTE: PROCEDURE SQL used (Total process time):
      real time           0.01 seconds
      cpu time            0.00 seconds
      

NOTE: The PROCEDURE SQL printed page 19.
NOTE: PROCEDURE SQL used (Total process time):
      real time           0.04 seconds
      cpu time            0.02 seconds
      

NOTE: Table WORK.DS_1 created, with 1 rows and 1 columns.

NOTE: PROCEDURE SQL used (Total process time):
      real time           0.03 seconds
      cpu time            0.00 seconds
      

NOTE: Table WORK.DS_2 created, with 1 rows and 2 columns.

NOTE: PROCEDURE SQL used (Total process time):
      real time           0.00 seconds
      cpu time            0.00 seconds
      


NOTE: There were 1 observations read from the data set WORK.DS_2.
NOTE: The data set WORK.DS_3 has 1 observations and 1 variables.
NOTE: DATA statement used (Total process time):
      real time           0.00 seconds
      cpu time            0.00 seconds
      


NOTE: The file "/SREPGRM/DQLEGACY_RIESGOS/MENSUAL/DATASYSTEM_DQ22.txt" is:
      Filename=/SREPGRM/DQLEGACY_RIESGOS/MENSUAL/DATASYSTEM_DQ22.txt,
      Owner Name=xmz5705,Group Name=grpmexmt,
      Access Permission=-rwxrwxrwx,
      Last Modified=30Aug2022:19:01:35

NOTE: 1 record was written to the file "/SREPGRM/DQLEGACY_RIESGOS/MENSUAL/DATASYSTEM_DQ22.txt".
      The minimum record length was 38.
      The maximum record length was 38.
NOTE: There were 1 observations read from the data set WORK.DS_3.
NOTE: DATA statement used (Total process time):
      real time           0.04 seconds
      cpu time            0.01 seconds
25                                                         The SAS System                             19:01 Tuesday, August 30, 2022

      


NOTE: The file DS is:
      Pipe command="chmod 777 /SREPGRM/DQLEGACY_RIESGOS/MENSUAL/DATASYSTEM_DQ22.txt"

Message(s) received from the pipe command:
/usr/bin/ksh: chmod: not found

NOTE: 0 records were written to the file DS.
NOTE: DATA statement used (Total process time):
      real time           0.05 seconds
      cpu time            0.05 seconds
      


NOTE: The file "/SREPGRM/DQLEGACY_RIESGOS/MENSUAL/DQLEGACY_DQ22_20220630.csv" is:
      Filename=/SREPGRM/DQLEGACY_RIESGOS/MENSUAL/DQLEGACY_DQ22_20220630.csv,
      Owner Name=xmz5705,Group Name=grpmexmt,
      Access Permission=-rwxrwxrwx,
      Last Modified=30Aug2022:19:01:35

NOTE: 13 records were written to the file "/SREPGRM/DQLEGACY_RIESGOS/MENSUAL/DQLEGACY_DQ22_20220630.csv".
      The minimum record length was 165.
      The maximum record length was 207.
NOTE: There were 13 observations read from the data set OUTPUT.DQLEGACY.
NOTE: At least one W.D format was too small for the number to be printed. The decimal may be shifted by the "BEST" format.
NOTE: DATA statement used (Total process time):
      real time           0.03 seconds
      cpu time            0.01 seconds
      


NOTE: The file CSV is:
      Pipe command="chmod 777 /SREPGRM/DQLEGACY_RIESGOS/MENSUAL/DQLEGACY_DQ22_20220630.csv"

Message(s) received from the pipe command:
/usr/bin/ksh: chmod: not found

NOTE: 0 records were written to the file CSV.
NOTE: DATA statement used (Total process time):
      real time           0.00 seconds
      cpu time            0.00 seconds
      


NOTE: The file CSV is:
      Pipe command="chgrp grpmexmt /SREPGRM/DQLEGACY_RIESGOS/MENSUAL/DQLEGACY_DQ22_20220630.csv"

Message(s) received from the pipe command:
/usr/bin/ksh: chgrp: not found

NOTE: 0 records were written to the file CSV.
NOTE: DATA statement used (Total process time):
      real time           0.00 seconds
      cpu time            0.01 seconds
      

26                                                         The SAS System                             19:01 Tuesday, August 30, 2022


NOTE: The file CTL_FILE is:
      Filename=/SREPGRM/DQLEGACY_RIESGOS/MENSUAL/DQLEGACY_DQ22_20220630.ctl,
      Owner Name=xmz5705,Group Name=grpmexmt,
      Access Permission=-rwxrwxrwx,
      Last Modified=30Aug2022:19:01:35

NOTE: 1 record was written to the file CTL_FILE.
      The minimum record length was 115.
      The maximum record length was 115.
NOTE: DATA statement used (Total process time):
      real time           0.03 seconds
      cpu time            0.00 seconds
      


NOTE: The file CTL is:
      Pipe command="chmod 777 /SREPGRM/DQLEGACY_RIESGOS/MENSUAL/DQLEGACY_DQ22_20220630.ctl"

Message(s) received from the pipe command:
/usr/bin/ksh: chmod: not found

NOTE: 0 records were written to the file CTL.
NOTE: DATA statement used (Total process time):
      real time           0.00 seconds
      cpu time            0.00 seconds
      


NOTE: The file CTL is:
      Pipe command="chgrp grpmexmt /SREPGRM/DQLEGACY_RIESGOS/MENSUAL/DQLEGACY_DQ22_20220630.ctl"

Message(s) received from the pipe command:
/usr/bin/ksh: chgrp: not found

NOTE: 0 records were written to the file CTL.
NOTE: DATA statement used (Total process time):
      real time           0.00 seconds
      cpu time            0.00 seconds
      

839        %include "&ruta_codigos.P5_EnvioReporteCorreo.sas";
NOTE: Table WORK.GENINF created, with 13 rows and 28 columns.

NOTE: PROCEDURE SQL used (Total process time):
      real time           0.00 seconds
      cpu time            0.01 seconds
      


NOTE: There were 13 observations read from the data set WORK.GENINF.
NOTE: The data set WORK.GENINF has 13 observations and 29 variables.
NOTE: DATA statement used (Total process time):
      real time           0.00 seconds
      cpu time            0.00 seconds
      


27                                                         The SAS System                             19:01 Tuesday, August 30, 2022

NOTE: There were 13 observations read from the data set WORK.GENINF.
NOTE: At least one W.D format was too small for the number to be printed. The decimal may be shifted by the "BEST" format.
NOTE: The PROCEDURE REPORT printed pages 20-22.
NOTE: PROCEDURE REPORT used (Total process time):
      real time           0.20 seconds
      cpu time            0.10 seconds
      

NOTE: Writing EXCEL file: /SREPGRM/Liquidez/Mensual_Sem/Output/DQLEGACYVALIDACION.xls

    SAS (r) Proprietary Software Release 9.4  TS1M3


Group=EMAIL
 EMAILACKWAIT=30   Specifies the number of seconds to wait for the SMTP server acknowledgement.
 EMAILAUTHPROTOCOL=NONE
                   Specifies the SMTP e-mail authentication protocol.
 NOEMAILFROM       Does not require the FROM e-mail option when sending e-mail by using the FILE or FILENAME statements.
 EMAILHOST=150.100.207.52
                   Specifies one or more domain names for SMTP e-mail servers.
 EMAILID=          Specifies the SAS user's logon ID, profile or e-mail address.
 EMAILPORT=25      Specifies the port number for the SMTP e-mail server that is specified in the EMAILHOST option.
 EMAILPW=XXXXXXXX  Specifies the password for the e-mail address specified by the EMAILID option.
 EMAILUTCOFFSET=   For SMTP e-mail sent using the FILENAME statement, specifies a UTC offset that is used in the Date header field 
                   of the e-mail message.
 EMAILSYS=SMTP     Specifies the e-mail protocol that is used for sending electronic mail.
NOTE: PROCEDURE OPTIONS used (Total process time):
      real time           0.00 seconds
      cpu time            0.00 seconds
      


NOTE: There were 1 observations read from the data set WORK.CONFEMAI.
NOTE: DATA statement used (Total process time):
      real time           0.00 seconds
      cpu time            0.00 seconds
      

NOTE: Writing HTML Body file: OUTBOX
Message sent
      To:          "gustavo.martinez.arambula.contractor@bbva.com"
      Cc:          "gustavo.martinez.arambula.contractor@bbva.com"
      Bcc:         
      Subject:     Controles DQ Liquidez Mensual (Semanal)
      Attachments: ( "/SREPGRM/Liquidez/Mensual_Sem/Imagenes/Imagen_Liquidez.PNG" INLINED = 'sgplot' ) 
NOTE: SAS Institute Inc., SAS Campus Drive, Cary, NC USA 27513-2414
NOTE: The SAS System used:
      real time           4.61 seconds
      cpu time            2.51 seconds
      
