1                                                          The SAS System                            18:01 Tuesday, January 25, 2022

NOTE: Copyright (c) 2002-2012 by SAS Institute Inc., Cary, NC, USA. 
NOTE: SAS (r) Proprietary Software 9.4 (TS1M3) 
      Licensed to BBVA BANCOMER SA, Site 70176951.
NOTE: This session is executing on the Linux 2.6.32-754.12.1.el6.x86_64 (LIN X64) platform.



NOTE: Updated analytical products:
      
      SAS/STAT 14.1
      SAS/ETS 14.1
      SAS/OR 14.1
      SAS/IML 14.1
      SAS/QC 14.1

NOTE: Additional host information:

 Linux LIN X64 2.6.32-754.12.1.el6.x86_64 #1 SMP Thu Mar 7 22:07:44 EST 2019 x86_64 Red Hat Enterprise Linux Server release 6.10 
      (Santiago) 

You are running SAS 9. Some SAS 8 files will be automatically converted 
by the V9 engine; others are incompatible.  Please see 
http://support.sas.com/rnd/migration/planning/platform/64bit.html

PROC MIGRATE will preserve current SAS file attributes and is 
recommended for converting all your SAS libraries from any 
SAS 8 release to SAS 9.  For details and examples, please see
http://support.sas.com/rnd/migration/index.html


This message is contained in the SAS news file, and is presented upon
initialization.  Edit the file "news" in the "misc/base" directory to
display site-specific news and information in the program log.
The command line option "-nonews" will prevent this display.




NOTE: SAS initialization used:
      real time           0.11 seconds
      cpu time            0.02 seconds
      
1          /********************************************************************
2           * Nombre del Programa: Principal_RDA_Minorista.sas					*
3           * Nombre del Servidor: SASMain METODOLOGIAS						*
4           * Ruta en el Servidor: /SREPGRM/RDA_Minorista/Codigos/				*
5           * Tipo de Controles: RDA Minorista									*
6           * Autor: XMX1210													*
7           * Fecha de creación: 31/05/2021									*
8           * Resumen del código: Archivo principal del proceso de				*
9           *	RDA Minorista que ejecuta todos los códigos del proceso.		*
10          * Revisiones:														*
11          * Versión 1.0														*
12          ******************* DQ Riesgos Task Force Tier 1 *******************/
13         
14         /* CALCULO DE LA FECHA PARA UTILIZAR EN EL NOMBRE DEL LOG */
15         DATA _NULL_;
16         	CALL SYMPUTX("FECHA", PUT(DATETIME(),B8601DT15.));
2                                                          The SAS System                            18:01 Tuesday, January 25, 2022

17         RUN;

NOTE: DATA statement used (Total process time):
      real time           0.03 seconds
      cpu time            0.01 seconds
      

18         
19         %PUT FECHA DE EJECUCION: &FECHA.;
FECHA DE EJECUCION: 20220125T180132
20         
21         FILENAME LOGRDAMI "/SREPGRM/RDA_Minorista/Logs/rda_minorista_&FECHA..log";
22         
23         PROC PRINTTO LOG=LOGRDAMI;
24         RUN;

NOTE: PROCEDURE PRINTTO used (Total process time):
      real time           0.00 seconds
      cpu time            0.00 seconds
      

NOTE: SAS Institute Inc., SAS Campus Drive, Cary, NC USA 27513-2414
NOTE: The SAS System used:
      real time           5.49 seconds
      cpu time            4.17 seconds
      
