#---20220125_1801 INICIA PROCESO RDA MENSUAL
***********************************************************************************************
*                                   PROCESO RDA MENSUAL                                       *
*                            FECHA:  dia: 25/01/2022 hora:18:01:31             *
***********************************************************************************************
+ PASO=Principal_RDA_Minorista
++ fDate
++ /bin/date +%Y%m%d_%H%M
+ echo '#---20220125_1801 Iniciar: SAS Principal_RDA_Minorista'
#---20220125_1801 Iniciar: SAS Principal_RDA_Minorista
++ fDate
++ /bin/date +%Y%m%d_%H%M
++ fDate
++ /bin/date +%Y%m%d_%H%M
+ /sasgrid94/SASHome/SASFoundation/9.4/sas /SREPGRM/RDA_Minorista/Codigos/Principal_RDA_Minorista.sas -log /SREPGRM/Shells/Logs/Principal_RDA_Minorista_SAS_20220125_1801.log -print /SREPGRM/Shells/Logs/Principal_RDA_Minorista_20220125_1801.lst -work /mexmetodologias/work/
/sasgrid94/SASHome/SASFoundation/9.4/sas: line 98: expr: command not found
/sasgrid94/SASHome/SASFoundation/9.4/sas: line 75: [: : integer expression expected
/sasgrid94/thirdparty/share/lsf/conf/profile.lsf: line 899: sed: command not found
/sasgrid94/thirdparty/share/lsf/conf/profile.lsf: line 902: uname: No such file or directory
/sasgrid94/thirdparty/share/lsf/conf/profile.lsf: line 925: grep: No such file or directory
/sasgrid94/thirdparty/share/lsf/conf/profile.lsf: line 925: sed: No such file or directory
/sasgrid94/thirdparty/share/lsf/conf/profile.lsf: line 925: sed: No such file or directory
/sasgrid94/thirdparty/share/lsf/conf/profile.lsf: line 925: sed: No such file or directory
+ status=0
+ echo 'El codigo de salida es:' 0
El codigo de salida es: 0
++ fDate
++ /bin/date +%Y%m%d_%H%M
+ /bin/chmod 777 /SREPGRM/Shells/Logs/Principal_RDA_Minorista_SAS_20220125_1801.log
++ fDate
++ /bin/date +%Y%m%d_%H%M
+ /bin/chmod 777 /SREPGRM/Shells/Logs/Principal_RDA_Minorista_20220125_1801.lst
/bin/chmod: cannot access `/SREPGRM/Shells/Logs/Principal_RDA_Minorista_20220125_1801.lst': No such file or directory
+ '[' 0 -ne 0 ']'
++ fDate
++ /bin/date +%Y%m%d_%H%M
+ echo '#---20220125_1801 Completado con exito: SAS Principal_RDA_Minorista'
#---20220125_1801 Completado con exito: SAS Principal_RDA_Minorista
+ fPurge '/SREPGRM/Shells/Logs/Principal_RDA_Minorista_*.l*' 3
+ path='/SREPGRM/Shells/Logs/Principal_RDA_Minorista_*.l*'
+ keep_file_num=3
+ echo 'Eliminando archivos '
Eliminando archivos 
+ echo 'Ruta borra archivos  /SREPGRM/Shells/Logs/Principal_RDA_Minorista_*.l*'
Ruta borra archivos  /SREPGRM/Shells/Logs/Principal_RDA_Minorista_*.l*
++ /bin/grep '^-'
++ /usr/bin/wc -l
++ /bin/ls -ltr /SREPGRM/Shells/Logs/Principal_RDA_Minorista_20220120_1800.log /SREPGRM/Shells/Logs/Principal_RDA_Minorista_20220121_1801.log /SREPGRM/Shells/Logs/Principal_RDA_Minorista_20220125_1801.log /SREPGRM/Shells/Logs/Principal_RDA_Minorista_SAS_20220121_1801.log /SREPGRM/Shells/Logs/Principal_RDA_Minorista_SAS_20220125_1801.log
+ total_files=5
+ echo 'Num Archivos 5'
Num Archivos 5
+ let num_to_delete=5-3
+ echo 'Resto 2'
Resto 2
+ '[' 2 -gt 0 ']'
++ /usr/bin/head -n 2
++ /bin/ls -tr /SREPGRM/Shells/Logs/Principal_RDA_Minorista_20220120_1800.log /SREPGRM/Shells/Logs/Principal_RDA_Minorista_20220121_1801.log /SREPGRM/Shells/Logs/Principal_RDA_Minorista_20220125_1801.log /SREPGRM/Shells/Logs/Principal_RDA_Minorista_SAS_20220121_1801.log /SREPGRM/Shells/Logs/Principal_RDA_Minorista_SAS_20220125_1801.log
+ for i in '$(/bin/ls -tr $path | /usr/bin/head -n $num_to_delete)'
+ /bin/rm -f /SREPGRM/Shells/Logs/Principal_RDA_Minorista_20220120_1800.log
+ echo /SREPGRM/Shells/Logs/Principal_RDA_Minorista_20220120_1800.log 'Archivo Borrado'
/SREPGRM/Shells/Logs/Principal_RDA_Minorista_20220120_1800.log Archivo Borrado
+ for i in '$(/bin/ls -tr $path | /usr/bin/head -n $num_to_delete)'
+ /bin/rm -f /SREPGRM/Shells/Logs/Principal_RDA_Minorista_SAS_20220121_1801.log
+ echo /SREPGRM/Shells/Logs/Principal_RDA_Minorista_SAS_20220121_1801.log 'Archivo Borrado'
/SREPGRM/Shells/Logs/Principal_RDA_Minorista_SAS_20220121_1801.log Archivo Borrado
+ /bin/mv -f /SREPGRM/RDA_Minorista/Input/RDA_Mexico_Vinculos.xlsx /SREPGRM/RDA_Minorista/Input/_RDA_Mexico_Vinculos.xlsx
+ exit 0
