#---20211126_2030 INICIA PROCESO IRBB MENSUAL
***********************************************************************************************
*                                   PROCESO IRBB MENSUAL                                      *
*                            FECHA:  dia: 26/11/2021 hora:20:30:20             *
***********************************************************************************************
+ PASO=IRBB_ejecucion
++ fDate
++ /bin/date +%Y%m%d_%H%M
+ echo '#---20211126_2030 Iniciar: SAS IRBB_ejecucion'
#---20211126_2030 Iniciar: SAS IRBB_ejecucion
++ fDate
++ /bin/date +%Y%m%d_%H%M
++ fDate
++ /bin/date +%Y%m%d_%H%M
+ /sasgrid94/SASHome/SASFoundation/9.4/sas /SREPGRM/IRBB/Codigos/IRBB_ejecucion.sas -log /SREPGRM/Shells/Logs/IRBB_ejecucion_SAS_20211126_2030.log -print /SREPGRM/Shells/Logs/IRBB_ejecucion_20211126_2030.lst -work /mexmetodologias/work/
/sasgrid94/SASHome/SASFoundation/9.4/sas: line 98: expr: command not found
/sasgrid94/SASHome/SASFoundation/9.4/sas: line 75: [: : integer expression expected
/sasgrid94/thirdparty/share/lsf/conf/profile.lsf: line 899: sed: command not found
/sasgrid94/thirdparty/share/lsf/conf/profile.lsf: line 902: uname: No such file or directory
/sasgrid94/thirdparty/share/lsf/conf/profile.lsf: line 925: grep: No such file or directory
/sasgrid94/thirdparty/share/lsf/conf/profile.lsf: line 925: sed: No such file or directory
/sasgrid94/thirdparty/share/lsf/conf/profile.lsf: line 925: sed: No such file or directory
/sasgrid94/thirdparty/share/lsf/conf/profile.lsf: line 925: sed: No such file or directory
+ status=0
+ echo 'El codigo de salida es:' 0
El codigo de salida es: 0
+ '[' 0 -ne 0 ']'
++ fDate
++ /bin/date +%Y%m%d_%H%M
+ echo '#---20211126_2030 Completado con exito: SAS IRBB_ejecucion'
#---20211126_2030 Completado con exito: SAS IRBB_ejecucion
+ fPurge '/SREPGRM/Shells/Logs/IRBB_ejecucion_*.l*' 3
+ path='/SREPGRM/Shells/Logs/IRBB_ejecucion_*.l*'
+ keep_file_num=3
+ echo 'Eliminando archivos '
Eliminando archivos 
+ echo 'Ruta borra archivos  /SREPGRM/Shells/Logs/IRBB_ejecucion_*.l*'
Ruta borra archivos  /SREPGRM/Shells/Logs/IRBB_ejecucion_*.l*
++ /bin/grep '^-'
++ /usr/bin/wc -l
++ /bin/ls -ltr /SREPGRM/Shells/Logs/IRBB_ejecucion_20210910_1353.log /SREPGRM/Shells/Logs/IRBB_ejecucion_20210910_1353.lst /SREPGRM/Shells/Logs/IRBB_ejecucion_20211014_1813.log /SREPGRM/Shells/Logs/IRBB_ejecucion_20211126_2030.log /SREPGRM/Shells/Logs/IRBB_ejecucion_20211126_2030.lst /SREPGRM/Shells/Logs/IRBB_ejecucion_SAS_20211126_2030.log /SREPGRM/Shells/Logs/IRBB_ejecucion_SAS.log
+ total_files=7
+ echo 'Num Archivos 7'
Num Archivos 7
+ let num_to_delete=7-3
+ echo 'Resto 4'
Resto 4
+ '[' 4 -gt 0 ']'
++ /usr/bin/head -n 4
++ /bin/ls -tr /SREPGRM/Shells/Logs/IRBB_ejecucion_20210910_1353.log /SREPGRM/Shells/Logs/IRBB_ejecucion_20210910_1353.lst /SREPGRM/Shells/Logs/IRBB_ejecucion_20211014_1813.log /SREPGRM/Shells/Logs/IRBB_ejecucion_20211126_2030.log /SREPGRM/Shells/Logs/IRBB_ejecucion_20211126_2030.lst /SREPGRM/Shells/Logs/IRBB_ejecucion_SAS_20211126_2030.log /SREPGRM/Shells/Logs/IRBB_ejecucion_SAS.log
+ for i in '$(/bin/ls -tr $path | /usr/bin/head -n $num_to_delete)'
+ /bin/rm -f /SREPGRM/Shells/Logs/IRBB_ejecucion_SAS.log
+ echo /SREPGRM/Shells/Logs/IRBB_ejecucion_SAS.log 'Archivo Borrado'
/SREPGRM/Shells/Logs/IRBB_ejecucion_SAS.log Archivo Borrado
+ for i in '$(/bin/ls -tr $path | /usr/bin/head -n $num_to_delete)'
+ /bin/rm -f /SREPGRM/Shells/Logs/IRBB_ejecucion_20210910_1353.lst
+ echo /SREPGRM/Shells/Logs/IRBB_ejecucion_20210910_1353.lst 'Archivo Borrado'
/SREPGRM/Shells/Logs/IRBB_ejecucion_20210910_1353.lst Archivo Borrado
+ for i in '$(/bin/ls -tr $path | /usr/bin/head -n $num_to_delete)'
+ /bin/rm -f /SREPGRM/Shells/Logs/IRBB_ejecucion_20210910_1353.log
+ echo /SREPGRM/Shells/Logs/IRBB_ejecucion_20210910_1353.log 'Archivo Borrado'
/SREPGRM/Shells/Logs/IRBB_ejecucion_20210910_1353.log Archivo Borrado
+ for i in '$(/bin/ls -tr $path | /usr/bin/head -n $num_to_delete)'
+ /bin/rm -f /SREPGRM/Shells/Logs/IRBB_ejecucion_20211014_1813.log
+ echo /SREPGRM/Shells/Logs/IRBB_ejecucion_20211014_1813.log 'Archivo Borrado'
/SREPGRM/Shells/Logs/IRBB_ejecucion_20211014_1813.log Archivo Borrado
+ /bin/mv -f /SREPGRM/IRBB/Input/tabla_core_limits_int_DEF.xlsx /SREPGRM/IRBB/Input/_tabla_core_limits_int_DEF.xlsx
+ exit 0
