#---20211213_1829 INICIA PROCESO GE Map MENSUAL
***********************************************************************************************
*                                   PROCESO GE Map MENSUAL                                   *
*                            FECHA:  dia: 13/12/2021 hora:18:29:52             *
***********************************************************************************************
+ PASO=P0_Ejecucion_GE_Map
++ fDate
++ /bin/date +%Y%m%d_%H%M
+ echo '#---20211213_1829 Iniciar: SAS P0_Ejecucion_GE_Map'
#---20211213_1829 Iniciar: SAS P0_Ejecucion_GE_Map
++ fDate
++ /bin/date +%Y%m%d_%H%M
++ fDate
++ /bin/date +%Y%m%d_%H%M
+ /sasgrid94/SASHome/SASFoundation/9.4/sas /SREPGRM/GE_Map/Codigos/P0_Ejecucion_GE_Map.sas -log /SREPGRM/Shells/Logs/P0_Ejecucion_GE_Map_SAS_20211213_1829.log -print /SREPGRM/Shells/Logs/P0_Ejecucion_GE_Map_20211213_1829.lst -work /mexmetodologias/work/
/sasgrid94/SASHome/SASFoundation/9.4/sas: line 98: expr: command not found
/sasgrid94/SASHome/SASFoundation/9.4/sas: line 75: [: : integer expression expected
/sasgrid94/thirdparty/share/lsf/conf/profile.lsf: line 899: sed: command not found
/sasgrid94/thirdparty/share/lsf/conf/profile.lsf: line 902: uname: No such file or directory
/sasgrid94/thirdparty/share/lsf/conf/profile.lsf: line 925: grep: No such file or directory
/sasgrid94/thirdparty/share/lsf/conf/profile.lsf: line 925: sed: No such file or directory
/sasgrid94/thirdparty/share/lsf/conf/profile.lsf: line 925: sed: No such file or directory
/sasgrid94/thirdparty/share/lsf/conf/profile.lsf: line 925: sed: No such file or directory
/usr/bin/ksh: chmod: not found
/usr/bin/ksh: chgrp: not found
/usr/bin/ksh: chmod: not found
/usr/bin/ksh: chgrp: not found
+ status=0
+ echo 'El codigo de salida es:' 0
El codigo de salida es: 0
++ fDate
++ /bin/date +%Y%m%d_%H%M
+ /bin/chmod 777 /SREPGRM/Shells/Logs/P0_Ejecucion_GE_Map_SAS_20211213_1829.log
++ fDate
++ /bin/date +%Y%m%d_%H%M
+ /bin/chmod 777 /SREPGRM/Shells/Logs/P0_Ejecucion_GE_Map_20211213_1829.lst
+ '[' 0 -ne 0 ']'
++ fDate
++ /bin/date +%Y%m%d_%H%M
+ echo '#---20211213_1829 Completado con exito: SAS P0_Ejecucion_GE_Map'
#---20211213_1829 Completado con exito: SAS P0_Ejecucion_GE_Map
+ fPurge '/SREPGRM/Shells/Logs/P0_Ejecucion_GE_Map_*.l*' 3
+ path='/SREPGRM/Shells/Logs/P0_Ejecucion_GE_Map_*.l*'
+ keep_file_num=3
+ echo 'Eliminando archivos '
Eliminando archivos 
+ echo 'Ruta borra archivos  /SREPGRM/Shells/Logs/P0_Ejecucion_GE_Map_*.l*'
Ruta borra archivos  /SREPGRM/Shells/Logs/P0_Ejecucion_GE_Map_*.l*
++ /bin/grep '^-'
++ /usr/bin/wc -l
++ /bin/ls -ltr /SREPGRM/Shells/Logs/P0_Ejecucion_GE_Map_20211130_1814.log /SREPGRM/Shells/Logs/P0_Ejecucion_GE_Map_20211130_1814.lst /SREPGRM/Shells/Logs/P0_Ejecucion_GE_Map_20211213_1829.log /SREPGRM/Shells/Logs/P0_Ejecucion_GE_Map_20211213_1829.lst /SREPGRM/Shells/Logs/P0_Ejecucion_GE_Map_SAS_20211130_1814.log /SREPGRM/Shells/Logs/P0_Ejecucion_GE_Map_SAS_20211213_1829.log
+ total_files=6
+ echo 'Num Archivos 6'
Num Archivos 6
+ let num_to_delete=6-3
+ echo 'Resto 3'
Resto 3
+ '[' 3 -gt 0 ']'
++ /usr/bin/head -n 3
++ /bin/ls -tr /SREPGRM/Shells/Logs/P0_Ejecucion_GE_Map_20211130_1814.log /SREPGRM/Shells/Logs/P0_Ejecucion_GE_Map_20211130_1814.lst /SREPGRM/Shells/Logs/P0_Ejecucion_GE_Map_20211213_1829.log /SREPGRM/Shells/Logs/P0_Ejecucion_GE_Map_20211213_1829.lst /SREPGRM/Shells/Logs/P0_Ejecucion_GE_Map_SAS_20211130_1814.log /SREPGRM/Shells/Logs/P0_Ejecucion_GE_Map_SAS_20211213_1829.log
+ for i in '$(/bin/ls -tr $path | /usr/bin/head -n $num_to_delete)'
+ /bin/rm -f /SREPGRM/Shells/Logs/P0_Ejecucion_GE_Map_SAS_20211130_1814.log
+ echo /SREPGRM/Shells/Logs/P0_Ejecucion_GE_Map_SAS_20211130_1814.log 'Archivo Borrado'
/SREPGRM/Shells/Logs/P0_Ejecucion_GE_Map_SAS_20211130_1814.log Archivo Borrado
+ for i in '$(/bin/ls -tr $path | /usr/bin/head -n $num_to_delete)'
+ /bin/rm -f /SREPGRM/Shells/Logs/P0_Ejecucion_GE_Map_20211130_1814.lst
+ echo /SREPGRM/Shells/Logs/P0_Ejecucion_GE_Map_20211130_1814.lst 'Archivo Borrado'
/SREPGRM/Shells/Logs/P0_Ejecucion_GE_Map_20211130_1814.lst Archivo Borrado
+ for i in '$(/bin/ls -tr $path | /usr/bin/head -n $num_to_delete)'
+ /bin/rm -f /SREPGRM/Shells/Logs/P0_Ejecucion_GE_Map_20211130_1814.log
+ echo /SREPGRM/Shells/Logs/P0_Ejecucion_GE_Map_20211130_1814.log 'Archivo Borrado'
/SREPGRM/Shells/Logs/P0_Ejecucion_GE_Map_20211130_1814.log Archivo Borrado
+ /bin/chmod -f 777 /SREPGRM/DQLEGACY_RIESGOS/MENSUAL/DQLEGACY_DQ7_20211031.csv /SREPGRM/DQLEGACY_RIESGOS/MENSUAL/DQLEGACY_DQ7_20211031.ctl
+ exit 0
