#---20220826_1910 INICIA PROCESO RDA_Pyme MENSUAL
***********************************************************************************************
*                                   PROCESO RDA PYME MENSUAL                                   *
*                            FECHA:  dia: 26/08/2022 hora:19:10:31             *
***********************************************************************************************
+ PASO=RDA_PYME_DQ8
++ fDate
++ /bin/date +%Y%m%d_%H%M
+ echo '#---20220826_1910 Iniciar: SAS RDA_PYME_DQ8'
#---20220826_1910 Iniciar: SAS RDA_PYME_DQ8
++ fDate
++ /bin/date +%Y%m%d_%H%M
++ fDate
++ /bin/date +%Y%m%d_%H%M
+ /sasgrid94/SASHome/SASFoundation/9.4/sas /SREPGRM/RDA_Pyme/Codigos/RDA_PYME_DQ8.sas -log /SREPGRM/Shells/Logs/RDA_PYME_DQ8_SAS_20220826_1910.log -print /SREPGRM/Shells/Logs/RDA_PYME_DQ8_20220826_1910.lst -work /mexmetodologias/work/
/sasgrid94/SASHome/SASFoundation/9.4/sas: line 98: expr: command not found
/sasgrid94/SASHome/SASFoundation/9.4/sas: line 75: [: : integer expression expected
/sasgrid94/thirdparty/share/lsf/conf/profile.lsf: line 899: sed: command not found
/sasgrid94/thirdparty/share/lsf/conf/profile.lsf: line 902: uname: No such file or directory
/sasgrid94/thirdparty/share/lsf/conf/profile.lsf: line 925: grep: No such file or directory
/sasgrid94/thirdparty/share/lsf/conf/profile.lsf: line 925: sed: No such file or directory
/sasgrid94/thirdparty/share/lsf/conf/profile.lsf: line 925: sed: No such file or directory
/sasgrid94/thirdparty/share/lsf/conf/profile.lsf: line 925: sed: No such file or directory
/usr/bin/ksh: chmod: not found
/usr/bin/ksh: chmod: not found
/usr/bin/ksh: chmod: not found
/usr/bin/ksh: chmod: not found
+ status=0
++ fDate
++ /bin/date +%Y%m%d_%H%M
+ /bin/chmod 777 /SREPGRM/Shells/Logs/RDA_PYME_DQ8_SAS_20220826_1953.log
/bin/chmod: cannot access `/SREPGRM/Shells/Logs/RDA_PYME_DQ8_SAS_20220826_1953.log': No such file or directory
++ fDate
++ /bin/date +%Y%m%d_%H%M
+ /bin/chmod 777 /SREPGRM/Shells/Logs/RDA_PYME_DQ8_20220826_1953.lst
/bin/chmod: cannot access `/SREPGRM/Shells/Logs/RDA_PYME_DQ8_20220826_1953.lst': No such file or directory
+ echo 'El codigo de salida es:' 0
El codigo de salida es: 0
+ '[' 0 -ne 0 ']'
++ fDate
++ /bin/date +%Y%m%d_%H%M
+ echo '#---20220826_1953 Completado con exito: SAS RDA_PYME_DQ8'
#---20220826_1953 Completado con exito: SAS RDA_PYME_DQ8
+ fPurge '/SREPGRM/Shells/Logs/RDA_PYME_DQ8_*.l*' 3
+ path='/SREPGRM/Shells/Logs/RDA_PYME_DQ8_*.l*'
+ keep_file_num=3
+ echo 'Eliminando archivos '
Eliminando archivos 
+ echo 'Ruta borra archivos  /SREPGRM/Shells/Logs/RDA_PYME_DQ8_*.l*'
Ruta borra archivos  /SREPGRM/Shells/Logs/RDA_PYME_DQ8_*.l*
++ /bin/grep '^-'
++ /usr/bin/wc -l
++ /bin/ls -ltr /SREPGRM/Shells/Logs/RDA_PYME_DQ8_20220812_1905.lst /SREPGRM/Shells/Logs/RDA_PYME_DQ8_20220816_0825.lst /SREPGRM/Shells/Logs/RDA_PYME_DQ8_20220818_1905.lst /SREPGRM/Shells/Logs/RDA_PYME_DQ8_20220819_1641.lst /SREPGRM/Shells/Logs/RDA_PYME_DQ8_20220822_1905.lst /SREPGRM/Shells/Logs/RDA_PYME_DQ8_20220824_1910.lst /SREPGRM/Shells/Logs/RDA_PYME_DQ8_20220826_1910.lst /SREPGRM/Shells/Logs/RDA_PYME_DQ8_SAS_20220812_1905.log /SREPGRM/Shells/Logs/RDA_PYME_DQ8_SAS_20220816_0825.log /SREPGRM/Shells/Logs/RDA_PYME_DQ8_SAS_20220818_1905.log /SREPGRM/Shells/Logs/RDA_PYME_DQ8_SAS_20220819_1641.log /SREPGRM/Shells/Logs/RDA_PYME_DQ8_SAS_20220822_1905.log /SREPGRM/Shells/Logs/RDA_PYME_DQ8_SAS_20220824_1910.log /SREPGRM/Shells/Logs/RDA_PYME_DQ8_SAS_20220826_1910.log
+ total_files=14
+ echo 'Num Archivos 14'
Num Archivos 14
+ let num_to_delete=14-3
+ echo 'Resto 11'
Resto 11
+ '[' 11 -gt 0 ']'
++ /usr/bin/head -n 11
++ /bin/ls -tr /SREPGRM/Shells/Logs/RDA_PYME_DQ8_20220812_1905.lst /SREPGRM/Shells/Logs/RDA_PYME_DQ8_20220816_0825.lst /SREPGRM/Shells/Logs/RDA_PYME_DQ8_20220818_1905.lst /SREPGRM/Shells/Logs/RDA_PYME_DQ8_20220819_1641.lst /SREPGRM/Shells/Logs/RDA_PYME_DQ8_20220822_1905.lst /SREPGRM/Shells/Logs/RDA_PYME_DQ8_20220824_1910.lst /SREPGRM/Shells/Logs/RDA_PYME_DQ8_20220826_1910.lst /SREPGRM/Shells/Logs/RDA_PYME_DQ8_SAS_20220812_1905.log /SREPGRM/Shells/Logs/RDA_PYME_DQ8_SAS_20220816_0825.log /SREPGRM/Shells/Logs/RDA_PYME_DQ8_SAS_20220818_1905.log /SREPGRM/Shells/Logs/RDA_PYME_DQ8_SAS_20220819_1641.log /SREPGRM/Shells/Logs/RDA_PYME_DQ8_SAS_20220822_1905.log /SREPGRM/Shells/Logs/RDA_PYME_DQ8_SAS_20220824_1910.log /SREPGRM/Shells/Logs/RDA_PYME_DQ8_SAS_20220826_1910.log
+ for i in '$(/bin/ls -tr $path | /usr/bin/head -n $num_to_delete)'
+ /bin/rm -f /SREPGRM/Shells/Logs/RDA_PYME_DQ8_SAS_20220812_1905.log
+ echo /SREPGRM/Shells/Logs/RDA_PYME_DQ8_SAS_20220812_1905.log 'Archivo Borrado'
/SREPGRM/Shells/Logs/RDA_PYME_DQ8_SAS_20220812_1905.log Archivo Borrado
+ for i in '$(/bin/ls -tr $path | /usr/bin/head -n $num_to_delete)'
+ /bin/rm -f /SREPGRM/Shells/Logs/RDA_PYME_DQ8_20220812_1905.lst
+ echo /SREPGRM/Shells/Logs/RDA_PYME_DQ8_20220812_1905.lst 'Archivo Borrado'
/SREPGRM/Shells/Logs/RDA_PYME_DQ8_20220812_1905.lst Archivo Borrado
+ for i in '$(/bin/ls -tr $path | /usr/bin/head -n $num_to_delete)'
+ /bin/rm -f /SREPGRM/Shells/Logs/RDA_PYME_DQ8_SAS_20220816_0825.log
+ echo /SREPGRM/Shells/Logs/RDA_PYME_DQ8_SAS_20220816_0825.log 'Archivo Borrado'
/SREPGRM/Shells/Logs/RDA_PYME_DQ8_SAS_20220816_0825.log Archivo Borrado
+ for i in '$(/bin/ls -tr $path | /usr/bin/head -n $num_to_delete)'
+ /bin/rm -f /SREPGRM/Shells/Logs/RDA_PYME_DQ8_20220816_0825.lst
+ echo /SREPGRM/Shells/Logs/RDA_PYME_DQ8_20220816_0825.lst 'Archivo Borrado'
/SREPGRM/Shells/Logs/RDA_PYME_DQ8_20220816_0825.lst Archivo Borrado
+ for i in '$(/bin/ls -tr $path | /usr/bin/head -n $num_to_delete)'
+ /bin/rm -f /SREPGRM/Shells/Logs/RDA_PYME_DQ8_SAS_20220818_1905.log
+ echo /SREPGRM/Shells/Logs/RDA_PYME_DQ8_SAS_20220818_1905.log 'Archivo Borrado'
/SREPGRM/Shells/Logs/RDA_PYME_DQ8_SAS_20220818_1905.log Archivo Borrado
+ for i in '$(/bin/ls -tr $path | /usr/bin/head -n $num_to_delete)'
+ /bin/rm -f /SREPGRM/Shells/Logs/RDA_PYME_DQ8_20220818_1905.lst
+ echo /SREPGRM/Shells/Logs/RDA_PYME_DQ8_20220818_1905.lst 'Archivo Borrado'
/SREPGRM/Shells/Logs/RDA_PYME_DQ8_20220818_1905.lst Archivo Borrado
+ for i in '$(/bin/ls -tr $path | /usr/bin/head -n $num_to_delete)'
+ /bin/rm -f /SREPGRM/Shells/Logs/RDA_PYME_DQ8_SAS_20220819_1641.log
+ echo /SREPGRM/Shells/Logs/RDA_PYME_DQ8_SAS_20220819_1641.log 'Archivo Borrado'
/SREPGRM/Shells/Logs/RDA_PYME_DQ8_SAS_20220819_1641.log Archivo Borrado
+ for i in '$(/bin/ls -tr $path | /usr/bin/head -n $num_to_delete)'
+ /bin/rm -f /SREPGRM/Shells/Logs/RDA_PYME_DQ8_20220819_1641.lst
+ echo /SREPGRM/Shells/Logs/RDA_PYME_DQ8_20220819_1641.lst 'Archivo Borrado'
/SREPGRM/Shells/Logs/RDA_PYME_DQ8_20220819_1641.lst Archivo Borrado
+ for i in '$(/bin/ls -tr $path | /usr/bin/head -n $num_to_delete)'
+ /bin/rm -f /SREPGRM/Shells/Logs/RDA_PYME_DQ8_SAS_20220822_1905.log
+ echo /SREPGRM/Shells/Logs/RDA_PYME_DQ8_SAS_20220822_1905.log 'Archivo Borrado'
/SREPGRM/Shells/Logs/RDA_PYME_DQ8_SAS_20220822_1905.log Archivo Borrado
+ for i in '$(/bin/ls -tr $path | /usr/bin/head -n $num_to_delete)'
+ /bin/rm -f /SREPGRM/Shells/Logs/RDA_PYME_DQ8_20220822_1905.lst
+ echo /SREPGRM/Shells/Logs/RDA_PYME_DQ8_20220822_1905.lst 'Archivo Borrado'
/SREPGRM/Shells/Logs/RDA_PYME_DQ8_20220822_1905.lst Archivo Borrado
+ for i in '$(/bin/ls -tr $path | /usr/bin/head -n $num_to_delete)'
+ /bin/rm -f /SREPGRM/Shells/Logs/RDA_PYME_DQ8_SAS_20220824_1910.log
+ echo /SREPGRM/Shells/Logs/RDA_PYME_DQ8_SAS_20220824_1910.log 'Archivo Borrado'
/SREPGRM/Shells/Logs/RDA_PYME_DQ8_SAS_20220824_1910.log Archivo Borrado
+ /bin/chmod 777 /SREPGRM/DQLEGACY_RIESGOS/MENSUAL/_DQLEGACY_DQ8_20210731.csv /SREPGRM/DQLEGACY_RIESGOS/MENSUAL/_DQLEGACY_DQ8_20210731.ctl /SREPGRM/DQLEGACY_RIESGOS/MENSUAL/_DQLEGACY_DQ8_20210831.csv /SREPGRM/DQLEGACY_RIESGOS/MENSUAL/DQLEGACY_DQ8_20210831.csv /SREPGRM/DQLEGACY_RIESGOS/MENSUAL/_DQLEGACY_DQ8_20210831.ctl /SREPGRM/DQLEGACY_RIESGOS/MENSUAL/DQLEGACY_DQ8_20210831.ctl /SREPGRM/DQLEGACY_RIESGOS/MENSUAL/_DQLEGACY_DQ8_20210930.csv /SREPGRM/DQLEGACY_RIESGOS/MENSUAL/_DQLEGACY_DQ8_20210930.ctl /SREPGRM/DQLEGACY_RIESGOS/MENSUAL/_DQLEGACY_DQ8_20211031.csv /SREPGRM/DQLEGACY_RIESGOS/MENSUAL/_DQLEGACY_DQ8_20211031.ctl /SREPGRM/DQLEGACY_RIESGOS/MENSUAL/DQLEGACY_DQ8_20211130.csv /SREPGRM/DQLEGACY_RIESGOS/MENSUAL/DQLEGACY_DQ8_20211130.ctl /SREPGRM/DQLEGACY_RIESGOS/MENSUAL/DQLEGACY_DQ8_20211231.csv /SREPGRM/DQLEGACY_RIESGOS/MENSUAL/DQLEGACY_DQ8_20211231.ctl /SREPGRM/DQLEGACY_RIESGOS/MENSUAL/DQLEGACY_DQ8_20220131.csv /SREPGRM/DQLEGACY_RIESGOS/MENSUAL/DQLEGACY_DQ8_20220131.ctl /SREPGRM/DQLEGACY_RIESGOS/MENSUAL/DQLEGACY_DQ8_20220228.csv /SREPGRM/DQLEGACY_RIESGOS/MENSUAL/DQLEGACY_DQ8_20220228.ctl /SREPGRM/DQLEGACY_RIESGOS/MENSUAL/DQLEGACY_DQ8_20220331.csv /SREPGRM/DQLEGACY_RIESGOS/MENSUAL/DQLEGACY_DQ8_20220331.ctl /SREPGRM/DQLEGACY_RIESGOS/MENSUAL/DQLEGACY_DQ8_20220430.csv /SREPGRM/DQLEGACY_RIESGOS/MENSUAL/DQLEGACY_DQ8_20220430.ctl /SREPGRM/DQLEGACY_RIESGOS/MENSUAL/DQLEGACY_DQ8_20220531.csv /SREPGRM/DQLEGACY_RIESGOS/MENSUAL/DQLEGACY_DQ8_20220531.ctl /SREPGRM/DQLEGACY_RIESGOS/MENSUAL/DQLEGACY_DQ8_20220630_ant.csv /SREPGRM/DQLEGACY_RIESGOS/MENSUAL/DQLEGACY_DQ8_20220630_ant.ctl /SREPGRM/DQLEGACY_RIESGOS/MENSUAL/DQLEGACY_DQ8_20220630.csv /SREPGRM/DQLEGACY_RIESGOS/MENSUAL/DQLEGACY_DQ8_20220630.ctl /SREPGRM/DQLEGACY_RIESGOS/MENSUAL/DQLEGACY_DQ8_20220731.csv /SREPGRM/DQLEGACY_RIESGOS/MENSUAL/DQLEGACY_DQ8_20220731.ctl
/bin/chmod: changing permissions of `/SREPGRM/DQLEGACY_RIESGOS/MENSUAL/_DQLEGACY_DQ8_20210731.csv': Permission denied
/bin/chmod: changing permissions of `/SREPGRM/DQLEGACY_RIESGOS/MENSUAL/_DQLEGACY_DQ8_20210731.ctl': Permission denied
/bin/chmod: changing permissions of `/SREPGRM/DQLEGACY_RIESGOS/MENSUAL/_DQLEGACY_DQ8_20210831.csv': Permission denied
/bin/chmod: changing permissions of `/SREPGRM/DQLEGACY_RIESGOS/MENSUAL/DQLEGACY_DQ8_20210831.csv': Permission denied
/bin/chmod: changing permissions of `/SREPGRM/DQLEGACY_RIESGOS/MENSUAL/_DQLEGACY_DQ8_20210831.ctl': Permission denied
/bin/chmod: changing permissions of `/SREPGRM/DQLEGACY_RIESGOS/MENSUAL/DQLEGACY_DQ8_20210831.ctl': Permission denied
/bin/chmod: changing permissions of `/SREPGRM/DQLEGACY_RIESGOS/MENSUAL/_DQLEGACY_DQ8_20210930.csv': Permission denied
/bin/chmod: changing permissions of `/SREPGRM/DQLEGACY_RIESGOS/MENSUAL/_DQLEGACY_DQ8_20210930.ctl': Permission denied
/bin/chmod: changing permissions of `/SREPGRM/DQLEGACY_RIESGOS/MENSUAL/_DQLEGACY_DQ8_20211031.csv': Permission denied
/bin/chmod: changing permissions of `/SREPGRM/DQLEGACY_RIESGOS/MENSUAL/_DQLEGACY_DQ8_20211031.ctl': Permission denied
/bin/chmod: changing permissions of `/SREPGRM/DQLEGACY_RIESGOS/MENSUAL/DQLEGACY_DQ8_20211130.csv': Permission denied
/bin/chmod: changing permissions of `/SREPGRM/DQLEGACY_RIESGOS/MENSUAL/DQLEGACY_DQ8_20211130.ctl': Permission denied
/bin/chmod: changing permissions of `/SREPGRM/DQLEGACY_RIESGOS/MENSUAL/DQLEGACY_DQ8_20211231.csv': Permission denied
/bin/chmod: changing permissions of `/SREPGRM/DQLEGACY_RIESGOS/MENSUAL/DQLEGACY_DQ8_20211231.ctl': Permission denied
/bin/chmod: changing permissions of `/SREPGRM/DQLEGACY_RIESGOS/MENSUAL/DQLEGACY_DQ8_20220131.csv': Permission denied
/bin/chmod: changing permissions of `/SREPGRM/DQLEGACY_RIESGOS/MENSUAL/DQLEGACY_DQ8_20220131.ctl': Permission denied
/bin/chmod: changing permissions of `/SREPGRM/DQLEGACY_RIESGOS/MENSUAL/DQLEGACY_DQ8_20220228.csv': Permission denied
/bin/chmod: changing permissions of `/SREPGRM/DQLEGACY_RIESGOS/MENSUAL/DQLEGACY_DQ8_20220228.ctl': Permission denied
/bin/chmod: changing permissions of `/SREPGRM/DQLEGACY_RIESGOS/MENSUAL/DQLEGACY_DQ8_20220331.csv': Permission denied
/bin/chmod: changing permissions of `/SREPGRM/DQLEGACY_RIESGOS/MENSUAL/DQLEGACY_DQ8_20220331.ctl': Permission denied
/bin/chmod: changing permissions of `/SREPGRM/DQLEGACY_RIESGOS/MENSUAL/DQLEGACY_DQ8_20220430.csv': Permission denied
/bin/chmod: changing permissions of `/SREPGRM/DQLEGACY_RIESGOS/MENSUAL/DQLEGACY_DQ8_20220430.ctl': Permission denied
/bin/chmod: changing permissions of `/SREPGRM/DQLEGACY_RIESGOS/MENSUAL/DQLEGACY_DQ8_20220531.csv': Permission denied
/bin/chmod: changing permissions of `/SREPGRM/DQLEGACY_RIESGOS/MENSUAL/DQLEGACY_DQ8_20220531.ctl': Permission denied
/bin/chmod: changing permissions of `/SREPGRM/DQLEGACY_RIESGOS/MENSUAL/DQLEGACY_DQ8_20220630_ant.csv': Permission denied
/bin/chmod: changing permissions of `/SREPGRM/DQLEGACY_RIESGOS/MENSUAL/DQLEGACY_DQ8_20220630_ant.ctl': Permission denied
/bin/chmod: changing permissions of `/SREPGRM/DQLEGACY_RIESGOS/MENSUAL/DQLEGACY_DQ8_20220630.ctl': Permission denied
+ /bin/mv -f '/SREPGRM/RDA_Pyme/Input/Cuadro de Mandos 202206.xlsx' '/SREPGRM/RDA_Pyme/Input/_Cuadro de Mandos 202206.xlsx'
+ /bin/mv -f '/SREPGRM/RDA_Pyme/Input/Metricos Originacion PyME 202206.xlsx' '/SREPGRM/RDA_Pyme/Input/_Metricos Originacion PyME 202206.xlsx'
+ /bin/mv -f /SREPGRM/RDA_Pyme/Input/Vol-Cal_PyME_00622.xlsx /SREPGRM/RDA_Pyme/Input/_Vol-Cal_PyME_00622.xlsx
+ exit 0
