                                                           The SAS System                       19:22 Tuesday, November 23, 2021   1

                                            Proc  Proc                Ant
                                            Ano   Mes         AntAno  Mes        id_mes
                                            -------------------------------------------
                                            2021  08            2021  07              3
                                                           The SAS System                       19:22 Tuesday, November 23, 2021   2

                                                   Proc  Proc                Ant
                                                   Ano   Mes         AntAno  Mes
                                                   -----------------------------
                                                   2021  08            2021  07 
                                                           The SAS System                       19:22 Tuesday, November 23, 2021   3

                                                                                                                                  
                                                                                                                                  
                                                                                                                                  
                                                                                                                                  
                                                                                                                                  
                                                                              Regla de                                            
       Fecha  Reporte                         Métrica                         calidad     Responsable                             
  2021-08-31  Concentraciones                 CET1 / Base de capital          0300100100  Jorge Armando Jmenez Lopez              
  2021-08-31  Concentraciones                 Consumo de capital Económico    0300400100  Jorge Armando Jmenez Lopez              
  2021-08-31  Concentraciones                 Consumo de capital Económico    0300400200  Jorge Armando Jmenez Lopez              
  2021-08-31  Concentraciones                 Consumo de capital Económico    0300400300  Jorge Armando Jmenez Lopez              
  2021-08-31  Concentraciones                 EAD Lending                     0300600100  Jorge Armando Jmenez Lopez              
  2021-08-31  Concentraciones                 EAD Lending                     0300600200  Jorge Armando Jmenez Lopez              
  2021-08-31  Concentraciones                 Índice de concentración Sector  0300900100  Jorge Armando Jmenez Lopez              
  2021-08-31  Concentraciones                 Índice de concentración Sector  0300900200  Jorge Armando Jmenez Lopez              
  2021-08-31  Concentraciones                 Índice de concentración indivi  0301000100  Jorge Armando Jmenez Lopez              
  2021-08-31  Concentraciones                 Índice de concentración indivi  0301000200  Jorge Armando Jmenez Lopez              
  2021-08-31  Concentraciones                 Top20 EAD                       0301900100  Jorge Armando Jmenez Lopez              
  2021-08-31  Concentraciones                 Top20 EAD                       0301900200  Jorge Armando Jmenez Lopez              
  2021-08-31  NC                              NC Alert                        0301500100  Jorge Armando Jmenez Lopez              
  2021-08-31  ML                              Management Limits               0302000100  Jorge Armando Jmenez Lopez              
  2021-08-31  RAF                             Límite RAF                      0302100100  Jorge Armando Jmenez Lopez              
  2021-08-31  TH                              Reporting Threshold             0302200100  Jorge Armando Jmenez Lopez              
                                                           The SAS System                       19:22 Tuesday, November 23, 2021   4

                 Porce                                                  Porce                                                    
                 ntaje                                                  ntaje                                                    
                 Cumpl                                                  Cumpl                                                    
   Umbra  Umbra  imien                                                  imien                                                  SE
       l      l     to                                                     to                                                  MA
   Mínim  Objet  Regis                                                  Impor                                                  FO
       o    ivo    tro    Nº Registros Cumplen   Nº Registros Objetivo     te     Suma Saldos Cumplen      Suma Saldos Objeto  RO
   80.00  100.0  100.0                       1                       1  99.32          298,692,608.00          300,736,633.00  SI
   80.00  100.0  93.54                 290,682                 310,773  95.58       29,815,121,583.91       31,194,298,182.94  SI
   80.00  100.0  90.04                 279,959                 310,937  95.95       29,930,739,947.79       31,194,298,182.94  SI
   80.00  100.0  93.15                 289,480                 310,773  94.97       29,626,760,646.36       31,194,298,182.94  SI
   80.00  100.0  94.07                 292,142                 310,570  95.84      523,627,175,149.49      546,341,796,828.76  SI
   80.00  100.0  81.08                 252,337                 311,207  96.18      525,468,659,581.42      546,341,796,828.76  SI
   100.0  100.0  100.0                       1                       1  100.0                   10.44                   10.44  SI
   80.00  100.0  100.0                       1                       1  100.0                   10.44                   10.43  SI
   100.0  100.0  100.0                       1                       1  100.0                  656.00                  656.00  SI
   80.00  100.0  100.0                       1                       1  97.75                  656.00                  671.09  SI
   100.0  100.0  100.0                       1                       1  100.0      109,098,847,738.22      109,098,847,738.22  SI
   80.00  100.0  100.0                       1                       1  100.0      109,098,847,738.22      106,416,664,807.30  SI
   100.0  100.0  100.0                       3                       3  100.0                   22.06                   22.06  SI
   100.0  100.0  100.0                       9                       9  100.0              263,591.90              263,591.90  SI
   100.0  100.0  100.0                       9                       9  100.0                   17.82                   17.82  SI
   100.0  100.0  100.0                       4                       4  100.0                    2.08                    2.08  SI
