#---20211123_1922 INICIA PROCESO CONCENTRACIONES
***********************************************************************************************
*                                   PROCESO CONCENTRACIONES                                   *
*                            FECHA:  dia: 23/11/2021 hora:19:22:53             *
***********************************************************************************************
+ SASGD94=/sasgrid94/SASHome/SASFoundation/9.4/sas
+ PATH=/SREPGRM/Concentraciones/Codigos
+ PASO=Concentraciones_ejecucion
++ fDate
++ /bin/date +%Y%m%d_%H%M
+ echo '#---20211123_1922 Iniciar: SAS Concentraciones_ejecucion'
#---20211123_1922 Iniciar: SAS Concentraciones_ejecucion
++ fDate
++ /bin/date +%Y%m%d_%H%M
++ fDate
++ /bin/date +%Y%m%d_%H%M
+ /sasgrid94/SASHome/SASFoundation/9.4/sas /SREPGRM/Concentraciones/Codigos/Concentraciones_ejecucion.sas -log /SREPGRM/Shells/Logs/Concentraciones_ejecucion_SAS_20211123_1922.log -print /SREPGRM/Shells/Logs/Concentraciones_ejecucion_20211123_1922.lst -work /mexmetodologias/work/
/sasgrid94/SASHome/SASFoundation/9.4/sas: line 98: expr: command not found
/sasgrid94/SASHome/SASFoundation/9.4/sas: line 75: [: : integer expression expected
/sasgrid94/thirdparty/share/lsf/conf/profile.lsf: line 899: sed: command not found
/sasgrid94/thirdparty/share/lsf/conf/profile.lsf: line 902: uname: No such file or directory
/sasgrid94/thirdparty/share/lsf/conf/profile.lsf: line 925: grep: No such file or directory
/sasgrid94/thirdparty/share/lsf/conf/profile.lsf: line 925: sed: No such file or directory
/sasgrid94/thirdparty/share/lsf/conf/profile.lsf: line 925: sed: No such file or directory
/sasgrid94/thirdparty/share/lsf/conf/profile.lsf: line 925: sed: No such file or directory
+ status=0
+ echo 'El codigo de salida es:' 0
El codigo de salida es: 0
+ '[' 0 -ne 0 ']'
++ fDate
++ /bin/date +%Y%m%d_%H%M
+ echo '#---20211123_1930 Completado: SAS Concentraciones_ejecucion'
#---20211123_1930 Completado: SAS Concentraciones_ejecucion
+ return 0
